"../../../../WindStorm/Content/AdvancedLocomotionV4/Audio/Footsteps/Concrete_Pivot_01.uasset" 0
"../../../../WindStorm/Content/AdvancedLocomotionV4/Audio/Footsteps/Concrete_Pivot_02.uasset" 1
"../../../../WindStorm/Content/AdvancedLocomotionV4/Audio/Footsteps/Concrete_Step_01.uasset" 2
"../../../../WindStorm/Content/AdvancedLocomotionV4/Audio/Footsteps/Concrete_Step_02.uasset" 3
"../../../../WindStorm/Content/AdvancedLocomotionV4/Audio/Footsteps/Concrete_Step_03.uasset" 4
"../../../../WindStorm/Content/AdvancedLocomotionV4/Audio/Footsteps/Concrete_Walk_01.uasset" 5
"../../../../WindStorm/Content/AdvancedLocomotionV4/Audio/Footsteps/Concrete_Walk_02.uasset" 6
"../../../../WindStorm/Content/AdvancedLocomotionV4/Audio/Footsteps/Concrete_Walk_03.uasset" 7
"../../../../WindStorm/Content/AdvancedLocomotionV4/Audio/Footsteps/Concrete_Walk_04.uasset" 8
"../../../Engine/Content/Animation/DefaultAnimCurveCompressionSettings.uasset" 9
"../../../Engine/Content/Functions/Engine_MaterialFunctions01/Opacity/CameraDepthFade.uasset" 10
"../../../Engine/Content/EngineMaterials/T_Default_Material_Grid_M.uasset" 11
"../../../Engine/Content/EngineMaterials/T_Default_Material_Grid_N.uasset" 12
"../../../Engine/Content/EngineMaterials/WorldGridMaterial.uasset" 13
"../../../Engine/Content/ArtTools/RenderToTexture/Meshes/S_1_Unit_Plane.uasset" 14
"../../../Engine/Content/EngineMaterials/DefaultMaterial.uasset" 15
"../../../Engine/Content/BasicShapes/Cone.uasset" 16
"../../../Engine/Content/BasicShapes/Plane.uasset" 17
"../../../Engine/Content/BasicShapes/Sphere.uasset" 18
"../../../Engine/Content/EditorLandscapeResources/DataLayer.uasset" 19
"../../../Engine/Content/EditorMaterials/MAT_Groups_Toggle.uasset" 20
"../../../Engine/Content/EditorMaterials/MAT_Groups_Visibility.uasset" 21
"../../../Engine/Content/EditorMaterials/PreviewShadowIndicator.uasset" 22
"../../../Engine/Content/EditorMaterials/PreviewShadowIndicatorMaterial.uasset" 23
"../../../Engine/Content/EditorMaterials/MatineeGroups/MAT_ColorTrack.uasset" 24
"../../../Engine/Content/EditorMaterials/MatineeGroups/MAT_Groups_Anim.uasset" 25
"../../../Engine/Content/EditorMaterials/MatineeGroups/MAT_Groups_AudioMaster.uasset" 26
"../../../Engine/Content/EditorMaterials/MatineeGroups/MAT_Groups_Director.uasset" 27
"../../../Engine/Content/EditorMaterials/MatineeGroups/MAT_Groups_Event.uasset" 28
"../../../Engine/Content/EditorMaterials/MatineeGroups/MAT_Groups_Fade.uasset" 29
"../../../Engine/Content/EditorMaterials/MatineeGroups/MAT_Groups_Float.uasset" 30
"../../../Engine/Content/EditorMaterials/MatineeGroups/MAT_Groups_Move.uasset" 31
"../../../Engine/Content/EditorMaterials/MatineeGroups/MAT_Groups_Slomo.uasset" 32
"../../../Engine/Content/EditorMaterials/MatineeGroups/MAT_Groups_Sound.uasset" 33
"../../../Engine/Content/EditorMaterials/MatineeGroups/MAT_Groups_Vector.uasset" 34
"../../../Engine/Content/EditorMaterials/ParticleSystems/PSysThumbnail_NoImage.uasset" 35
"../../../Engine/Content/EditorMaterials/ParticleSystems/PSysThumbnail_OOD.uasset" 36
"../../../Engine/Content/EditorMaterials/Camera/CineMat.uasset" 37
"../../../Engine/Content/EditorMaterials/Camera/MI_CineMat_Rig.uasset" 38
"../../../Engine/Content/EditorMeshes/Camera/SM_CraneRig_Arm.uasset" 39
"../../../Engine/Content/EditorMeshes/Camera/SM_CraneRig_Base.uasset" 40
"../../../Engine/Content/EditorMeshes/Camera/SM_CraneRig_Body.uasset" 41
"../../../Engine/Content/EditorMeshes/Camera/SM_CraneRig_Mount.uasset" 42
"../../../Engine/Content/EditorMeshes/Camera/SM_RailRig_Mount.uasset" 43
"../../../Engine/Content/EditorMeshes/Camera/SM_RailRig_Track.uasset" 44
"../../../Engine/Content/EditorResources/BSPVertex.uasset" 45
"../../../Engine/Content/EditorResources/EmptyActor.uasset" 46
"../../../Engine/Content/EditorResources/S_Actor.uasset" 47
"../../../Engine/Content/EditorResources/S_Note.uasset" 48
"../../../Engine/Content/EditorResources/S_Solver.uasset" 49
"../../../Engine/Content/EditorResources/S_Trigger.uasset" 50
"../../../Engine/Content/EditorResources/AudioIcons/S_AudioComponent_AutoActivate.uasset" 51
"../../../Engine/Content/EditorResources/LightIcons/S_LightError.uasset" 52
"../../../Engine/Content/EditorResources/SequenceRecorder/Countdown.uasset" 53
"../../../Engine/Content/EditorResources/SequenceRecorder/RecordingIndicator.uasset" 54
"../../../Engine/Content/EditorSounds/Notifications/CompileFailed.uasset" 55
"../../../Engine/Content/EditorSounds/Notifications/CompileFailed_Cue.uasset" 56
"../../../Engine/Content/EditorSounds/Notifications/CompileSuccess.uasset" 57
"../../../Engine/Content/EditorSounds/Notifications/CompileStart_Cue.uasset" 58
"../../../Engine/Content/EditorSounds/Notifications/CompileSuccess_Cue.uasset" 59
"../../../Engine/Content/EngineDamageTypes/DmgTypeBP_Environmental.uasset" 60
"../../../Engine/Content/EngineDebugMaterials/DebugEditorMaterial.uasset" 61
"../../../Engine/Content/EngineDebugMaterials/DebugMeshMaterial.uasset" 62
"../../../Engine/Content/EngineDebugMaterials/M_SimpleTranslucent.uasset" 63
"../../../Engine/Content/Functions/Engine_MaterialFunctions02/Utility/CameraDirectionVector.uasset" 64
"../../../Engine/Content/EngineDebugMaterials/VolumeToRender.uasset" 65
"../../../Engine/Content/EngineDebugMaterials/M_VolumeRenderSphereTracePP.uasset" 66
"../../../Engine/Content/EngineDebugMaterials/WireframeMaterial.uasset" 67
"../../../Engine/Content/EngineFonts/Faces/DroidSansFallback.uasset" 68
"../../../Engine/Content/EngineFonts/Faces/RobotoBold.uasset" 69
"../../../Engine/Content/EngineFonts/Faces/RobotoBoldItalic.uasset" 70
"../../../Engine/Content/EngineFonts/Faces/RobotoItalic.uasset" 71
"../../../Engine/Content/EngineFonts/Faces/RobotoLight.uasset" 72
"../../../Engine/Content/EngineFonts/Faces/RobotoRegular.uasset" 73
"../../../Engine/Content/EngineFonts/Roboto.uasset" 74
"../../../Engine/Content/EngineMaterials/BaseFlattenDiffuseMap.uasset" 75
"../../../Engine/Content/EngineMaterials/BaseFlattenEmissiveMap.uasset" 76
"../../../Engine/Content/EngineMaterials/BaseFlattenGrayscaleMap.uasset" 77
"../../../Engine/Content/EngineMaterials/BaseFlattenNormalMap.uasset" 78
"../../../Engine/Content/EngineMaterials/BaseFlattenMaterial.uasset" 79
"../../../Engine/Content/EngineMaterials/BlueNoise.uasset" 80
"../../../Engine/Content/EngineMaterials/DefaultBloomKernel.uasset" 81
"../../../Engine/Content/EngineMaterials/DefaultBokeh.uasset" 82
"../../../Engine/Content/EngineMaterials/DefaultDiffuse.uasset" 83
"../../../Engine/Content/EngineMaterials/DefaultDeferredDecalMaterial.uasset" 84
"../../../Engine/Content/EngineMaterials/DefaultLightFunctionMaterial.uasset" 85
"../../../Engine/Content/Functions/Engine_MaterialFunctions02/Utility/BreakOutFloat2Components.uasset" 86
"../../../Engine/Content/EngineMaterials/DefaultPostProcessMaterial.uasset" 87
"../../../Engine/Content/EngineFonts/RobotoDistanceField.uasset" 88
"../../../Engine/Content/EngineMaterials/DefaultTextMaterialOpaque.uasset" 89
"../../../Engine/Content/EngineMaterials/DefaultVirtualTextureMaterial.uasset" 90
"../../../Engine/Content/EngineMaterials/DefaultWhiteGrid.uasset" 91
"../../../Engine/Content/EngineMaterials/DefaultWhiteGrid_Low.uasset" 92
"../../../Engine/Content/EngineMaterials/EmissiveMeshMaterial.uasset" 93
"../../../Engine/Content/EngineMaterials/GizmoMaterial.uasset" 94
"../../../Engine/Content/EngineMaterials/Good64x64TilingNoiseHighFreq.uasset" 95
"../../../Engine/Content/EngineMaterials/HairDefaultMaterial.uasset" 96
"../../../Engine/Content/EngineMaterials/MiniFont.uasset" 97
"../../../Engine/Content/EngineMaterials/InvalidLightmapSettings.uasset" 98
"../../../Engine/Content/EngineMaterials/M_InvalidLightmapSettings.uasset" 99
"../../../Engine/Content/Functions/Engine_MaterialFunctions02/WorldPositionOffset/CameraOffset.uasset" 100
"../../../Engine/Content/EngineMaterials/PhAT_JointLimitMaterial.uasset" 101
"../../../Engine/Content/EngineMaterials/PreintegratedSkinBRDF.uasset" 102
"../../../Engine/Content/EngineMaterials/RemoveSurfaceMaterial.uasset" 103
"../../../Engine/Content/EngineMaterials/WeightMapPlaceholderTexture.uasset" 104
"../../../Engine/Content/EngineResources/WhiteSquareTexture.uasset" 105
"../../../Engine/Content/EngineMaterials/Widget3DPassThrough.uasset" 106
"../../../Engine/Content/EngineMaterials/Widget3DPassThrough_Masked.uasset" 107
"../../../Engine/Content/EngineMaterials/Widget3DPassThrough_Opaque.uasset" 108
"../../../Engine/Content/EngineMaterials/Widget3DPassThrough_Masked_OneSided.uasset" 109
"../../../Engine/Content/EngineMaterials/Widget3DPassThrough_Opaque_OneSided.uasset" 110
"../../../Engine/Content/EngineMaterials/Widget3DPassThrough_Translucent.uasset" 111
"../../../Engine/Content/EngineMaterials/Widget3DPassThrough_Translucent_OneSided.uasset" 112
"../../../Engine/Content/EngineMeshes/Cylinder.uasset" 113
"../../../Engine/Content/EngineMeshes/Sphere.uasset" 114
"../../../Engine/Content/EngineResources/Black.uasset" 115
"../../../Engine/Content/EngineResources/DefaultTexture.uasset" 116
"../../../Engine/Content/EngineResources/DefaultTextureCube.uasset" 117
"../../../Engine/Content/EngineResources/DefaultVolumeTexture2D.uasset" 118
"../../../Engine/Content/EngineResources/DefaultVolumeTexture.uasset" 119
"../../../Engine/Content/EngineResources/GradientTexture0.uasset" 120
"../../../Engine/Content/EngineSounds/Master.uasset" 121
"../../../Engine/Content/Functions/Engine_MaterialFunctions01/Shading/ConvertFromDiffSpec.uasset" 122
"../../../Engine/Content/Functions/Engine_MaterialFunctions01/Shading/PowerToRoughness.uasset" 123
"../../../Engine/Content/Maps/Templates/Thumbnails/Default.uasset" 124
"../../../Engine/Content/Maps/Templates/Thumbnails/TimeOfDay.uasset" 125
"../../../Engine/Content/Maps/Templates/Thumbnails/VR-Basic.uasset" 126
"../../../Engine/Content/MobileResources/T_MobileControls_texture.uasset" 127
"../../../Engine/Content/MobileResources/T_MobileMenu2.uasset" 128
"../../../Engine/Content/MobileResources/HUD/AnalogHat.uasset" 129
"../../../Engine/Content/MobileResources/HUD/VirtualJoystick_Background.uasset" 130
"../../../Engine/Content/MobileResources/HUD/VirtualJoystick_Thumb.uasset" 131
"../../../Engine/Content/MobileResources/HUD/DefaultVirtualJoysticks.uasset" 132
"../../../Engine/Content/MobileResources/HUD/LeftVirtualJoystickOnly.uasset" 133
"../../../Engine/Content/MobileResources/HUD/MobileHUDButton1_off.uasset" 134
"../../../Engine/Content/MobileResources/HUD/MobileHUDButton1_on.uasset" 135
"../../../Engine/Content/MobileResources/HUD/MobileHUDButton2_off.uasset" 136
"../../../Engine/Content/MobileResources/HUD/MobileHUDButton2_on.uasset" 137
"../../../Engine/Content/MobileResources/HUD/MobileHUDButton3.uasset" 138
"../../../Engine/Content/MobileResources/HUD/MobileHUDButtonFire.uasset" 139
"../../../Engine/Content/MobileResources/HUD/MobileHUDDirectionPad.uasset" 140
"../../../Engine/Content/MobileResources/HUD/MobileHUDDirectionPad2.uasset" 141
"../../../Engine/Content/MobileResources/HUD/MobileHUDDirectionPad3.uasset" 142
"../../../Engine/Content/MobileResources/HUD/MobileHUDDirectionStick.uasset" 143
"../../../Engine/Content/MobileResources/HUD/T_Castle_ThumbstickInner.uasset" 144
"../../../Engine/Content/MobileResources/HUD/T_Castle_ThumbstickOutter.uasset" 145
"../../../Engine/Content/Tutorial/ContentIntroCurve.uasset" 146
"../../../Engine/Content/Tutorial/Basics/LevelEditorAttract.uasset" 147
"../../../Engine/Content/VREditor/LaserPointer/VR_LaserPower_01.uasset" 148
"../../../Engine/Content/VREditor/TransformGizmo/TransformGizmoMaterial.uasset" 149
"../../../Engine/Content/VREditor/TransformGizmo/TranslucentTransformGizmoMaterial.uasset" 150
"../../../Engine/Content/VREditor/TransformGizmo/BoundingBoxCorner.uasset" 151
"../../../Engine/Content/VREditor/TransformGizmo/BoundingBoxEdge.uasset" 152
"../../../Engine/Content/VREditor/TransformGizmo/PlaneTranslationHandle.uasset" 153
"../../../Engine/Content/VREditor/TransformGizmo/Main.uasset" 154
"../../../Engine/Content/VREditor/TransformGizmo/Xray.uasset" 155
"../../../Engine/Content/VREditor/TransformGizmo/SM_Sequencer_Key.uasset" 156
"../../../Engine/Content/VREditor/TransformGizmo/SM_Sequencer_Node.uasset" 157
"../../Plugins/2D/Paper2D/Content/PlaceholderTextures/DummySpriteTexture.uasset" 158
"../../Plugins/2D/Paper2D/Content/DummySprite.uasset" 159
"../../Plugins/2D/Paper2D/Content/DefaultPaperTerrainMaterial.uasset" 160
"../../Plugins/2D/Paper2D/Content/DummySpriteTexture.uasset" 161
"../../Plugins/2D/Paper2D/Content/DefaultSpriteMaterial.uasset" 162
"../../Plugins/2D/Paper2D/Content/MaskedUnlitSpriteMaterial.uasset" 163
"../../Plugins/2D/Paper2D/Content/OpaqueUnlitSpriteMaterial.uasset" 164
"../../../Engine/Content/Functions/Engine_MaterialFunctions02/Utility/BreakOutFloat4Components.uasset" 165
"../../../Engine/Content/Functions/Engine_MaterialFunctions02/Utility/MakeFloat2.uasset" 166
"../../../Engine/Content/Functions/Engine_MaterialFunctions02/Utility/MakeFloat3.uasset" 167
"../../Plugins/Runtime/Oculus/OculusVR/Content/Materials/OculusMR_ChromaKey.uasset" 168
"../../Plugins/Runtime/Oculus/OculusVR/Content/Materials/OculusMR_ChromaKey_Lit.uasset" 169
"../../Plugins/Runtime/Oculus/OculusVR/Content/Materials/OculusMR_OpaqueColoredMaterial.uasset" 170
"../../Plugins/Runtime/Oculus/OculusVR/Content/Materials/OculusMR_WhiteMaterial.uasset" 171
"../../../Engine/Content/EditorBlueprintResources/StandardMacros.uasset" 172
"../../../../WindStorm/Content/AdvancedLocomotionV4/Data/Structs/ALS_ComponentAndTransform.uasset" 173
"../../../../WindStorm/Content/AdvancedLocomotionV4/Blueprints/Libraries/ALS_MacroLibrary.uasset" 174
"../../../../WindStorm/Content/AdvancedLocomotionV4/Blueprints/CharacterLogic/AI/ALS_BB_AICharacter.uasset" 175
"../../../../WindStorm/Content/AdvancedLocomotionV4/Blueprints/CharacterLogic/AI/ALS_BTTask_GetRandomLocation.uasset" 176
"../../../../WindStorm/Content/AdvancedLocomotionV4/Blueprints/CharacterLogic/AI/ALS_BTTask_SetFocus.uasset" 177
"../../../../WindStorm/Content/AdvancedLocomotionV4/Blueprints/CharacterLogic/AI/ALS_BT_AICharacter.uasset" 178
"../../../../WindStorm/Content/AdvancedLocomotionV4/Blueprints/CharacterLogic/AI/ALS_AI_Controller.uasset" 179
"../../../../WindStorm/Content/AdvancedLocomotionV4/Data/Enums/GroundedEntryState.uasset" 180
"../../../../WindStorm/Content/AdvancedLocomotionV4/Blueprints/Interfaces/ALS_Animation_BPI.uasset" 181
"../../../../WindStorm/Content/AdvancedLocomotionV4/Blueprints/Interfaces/ALS_Camera_BPI.uasset" 182
"../../../../WindStorm/Content/AdvancedLocomotionV4/Data/Enums/ALS_Gait.uasset" 183
"../../../../WindStorm/Content/AdvancedLocomotionV4/Data/Enums/ALS_MovementAction.uasset" 184
"../../../../WindStorm/Content/AdvancedLocomotionV4/Data/Enums/ALS_MovementState.uasset" 185
"../../../../WindStorm/Content/AdvancedLocomotionV4/Data/Enums/ALS_OverlayState.uasset" 186
"../../../../WindStorm/Content/AdvancedLocomotionV4/Data/Enums/ALS_RotationMode.uasset" 187
"../../../../WindStorm/Content/AdvancedLocomotionV4/Data/Enums/ALS_Stance.uasset" 188
"../../../../WindStorm/Content/AdvancedLocomotionV4/Data/Enums/ALS_ViewMode.uasset" 189
"../../../../WindStorm/Content/AdvancedLocomotionV4/Blueprints/Interfaces/ALS_Character_BPI.uasset" 190
"../../../../WindStorm/Content/AdvancedLocomotionV4/Blueprints/Interfaces/ALS_Controller_BPI.uasset" 191
"../../../../WindStorm/Content/AdvancedLocomotionV4/Props/Materials/M_Prop.uasset" 192
"../../../../WindStorm/Content/AdvancedLocomotionV4/Props/Materials/M_Prop_Binoculars.uasset" 193
"../../../../WindStorm/Content/AdvancedLocomotionV4/Props/Meshes/Binoculars.uasset" 194
"../../../../WindStorm/Content/Blueprints/UI/BonefireWidget/AboveBonefire.uasset" 195
"../../../../WindStorm/Content/Blueprints/UI/BonefireWidget/StickInBonefire.uasset" 196
"../../../../WindStorm/Content/Blueprints/UI/BonefireWidget/BoneFire.uasset" 197
"../../../../WindStorm/Content/Blueprints/BP_Bonefire.uasset" 198
"../../../../WindStorm/Content/CustomMovement/Blueprints/Enum/ECustomMoveZoneType.uasset" 199
"../../../../WindStorm/Content/CustomMovement/Blueprints/Struct/SCustomMoveZone.uasset" 200
"../../../../WindStorm/Content/CustomMovement/Blueprints/Interfaces/BPI_CustomMovementCharacter.uasset" 201
"../../../../WindStorm/Content/CustomMovement/Blueprints/Interfaces/BPI_CustomMoveZone_Climbing.uasset" 202
"../../../../WindStorm/Content/CustomMovement/Blueprints/Interfaces/BPI_CustomMoveZone_Ladder.uasset" 203
"../../../../WindStorm/Content/CustomMovement/Curves/FC_EnteringClimbingTopTransitionCurve.uasset" 204
"../../../../WindStorm/Content/CustomMovement/Curves/FC_EnteringClimbingTransitionCurve.uasset" 205
"../../../../WindStorm/Content/CustomMovement/Curves/FC_EnteringLadderBottomTransitionCurve.uasset" 206
"../../../../WindStorm/Content/CustomMovement/Curves/FC_EnteringLadderMiddleTransitionCurve.uasset" 207
"../../../../WindStorm/Content/CustomMovement/Curves/FC_EnteringLadderTopTransitionCurve.uasset" 208
"../../../../WindStorm/Content/CustomMovement/Curves/MovingNextHoldTransitionLocationCurve.uasset" 209
"../../../../WindStorm/Content/CustomMovement/Curves/MovingNextHoldTransitionRotationCurve.uasset" 210
"../../../../WindStorm/Content/CustomMovement/Blueprints/Enum/ECustomMovementMode.uasset" 211
"../../../../WindStorm/Content/CustomMovement/Blueprints/Components/BP_CustomMovementComponent.uasset" 212
"../../../../WindStorm/Content/AdvancedLocomotionV4/Data/Curves/CharacterMovementCurves/NormalMovement.uasset" 213
"../../../../WindStorm/Content/AdvancedLocomotionV4/Data/Curves/MantleCurves/Mantle_1m.uasset" 214
"../../../../WindStorm/Content/AdvancedLocomotionV4/Data/Curves/MantleCurves/Mantle_2m.uasset" 215
"../../../../WindStorm/Content/AdvancedLocomotionV4/Data/Curves/CharacterMovementCurves/NormalRotation.uasset" 216
"../../../../WindStorm/Content/AdvancedLocomotionV4/Data/Curves/CharacterMovementCurves/ResponsiveRotation.uasset" 217
"../../../../WindStorm/Content/AdvancedLocomotionV4/Data/Curves/CharacterMovementCurves/SluggishRotation.uasset" 218
"../../../../WindStorm/Content/AdvancedLocomotionV4/Data/Curves/CharacterMovementCurves/ResponsiveMovement.uasset" 219
"../../../../WindStorm/Content/AdvancedLocomotionV4/Data/Curves/CharacterMovementCurves/SluggishMovement.uasset" 220
"../../../../WindStorm/Content/AdvancedLocomotionV4/Data/Structs/MovementSettings.uasset" 221
"../../../../WindStorm/Content/AdvancedLocomotionV4/Data/Structs/MovementSettings_Stance.uasset" 222
"../../../../WindStorm/Content/AdvancedLocomotionV4/Data/Structs/MovementSettings_State.uasset" 223
"../../../../WindStorm/Content/AdvancedLocomotionV4/Data/DataTables/MovementModelTable.uasset" 224
"../../../../WindStorm/Content/AdvancedLocomotionV4/Data/Structs/Mantle_Asset.uasset" 225
"../../../../WindStorm/Content/AdvancedLocomotionV4/Data/Structs/Mantle_Params.uasset" 226
"../../../../WindStorm/Content/AdvancedLocomotionV4/Data/Structs/Mantle_TraceSettings.uasset" 227
"../../../../WindStorm/Content/AdvancedLocomotionV4/CharacterAssets/MannequinSkeleton/Materials/M_AnimMan_Default.uasset" 228
"../../../../WindStorm/Content/AdvancedLocomotionV4/CharacterAssets/MannequinSkeleton/Materials/M_AnimMan_Eyes.uasset" 229
"../../../Engine/Content/EngineMeshes/Humanoid.uasset" 230
"../../../../WindStorm/Content/AdvancedLocomotionV4/CharacterAssets/MannequinSkeleton/ALS_Mannequin_Skeleton.uasset" 231
"../../../../WindStorm/Content/AdvancedLocomotionV4/CharacterAssets/MannequinSkeleton/Meshes/Proxy.uasset" 232
"../../../../WindStorm/Content/AdvancedLocomotionV4/Data/Enums/MantleType.uasset" 233
"../../../../WindStorm/Content/Blueprints/UI/BonefireWidget/StickInInventory_BP.uasset" 234
"../../../../WindStorm/Content/Blueprints/UI/Freeze.uasset" 235
"../../../../WindStorm/Content/Blueprints/UI/StatsUI.uasset" 236
"../../../../WindStorm/Content/AdvancedLocomotionV4/Blueprints/CharacterLogic/ALS_Base_CharacterBP.uasset" 237
"../../../../WindStorm/Content/AdvancedLocomotionV4/Props/Meshes/Bow_Skeleton.uasset" 238
"../../../../WindStorm/Content/AdvancedLocomotionV4/Props/Meshes/Bow_Draw.uasset" 239
"../../../../WindStorm/Content/AdvancedLocomotionV4/Props/Meshes/Bow_AnimBP.uasset" 240
"../../../../WindStorm/Content/CC3_Char/CC3_Mannequin_Skeleton.uasset" 241
"../../../../WindStorm/Content/CC3_Char/RT_CustomMovement/AS_Climbing_Top_Enter.uasset" 242
"../../../../WindStorm/Content/CustomMovement/CustomMovementRetargetAnim/AS_Climbing_Top_Enter.uasset" 243
"../../../../WindStorm/Content/CC3_Char/RT_CustomMovement/AM_Climbing_Enter_Top.uasset" 244
"../../../../WindStorm/Content/CC3_Char/RT_CustomMovement/AS_Climbing_Top_Exit.uasset" 245
"../../../../WindStorm/Content/CustomMovement/CustomMovementRetargetAnim/AS_Climbing_Top_Exit.uasset" 246
"../../../../WindStorm/Content/CC3_Char/RT_CustomMovement/AM_Climbing_Exit_Top.uasset" 247
"../../../../WindStorm/Content/CC3_Char/RT_CustomMovement/AS_Ladder_Enter_Bottom.uasset" 248
"../../../../WindStorm/Content/CustomMovement/CustomMovementRetargetAnim/AS_Ladder_Enter_Bottom.uasset" 249
"../../../../WindStorm/Content/CC3_Char/RT_CustomMovement/AM_Ladder_Enter_Bottom.uasset" 250
"../../../../WindStorm/Content/CC3_Char/RT_CustomMovement/AS_Ladder_Enter_Top.uasset" 251
"../../../../WindStorm/Content/CustomMovement/CustomMovementRetargetAnim/AS_Ladder_Enter_Top.uasset" 252
"../../../../WindStorm/Content/CC3_Char/RT_CustomMovement/AM_Ladder_Enter_Top.uasset" 253
"../../../../WindStorm/Content/CC3_Char/RT_CustomMovement/AS_Ladder_Exit_Bottom.uasset" 254
"../../../../WindStorm/Content/CustomMovement/CustomMovementRetargetAnim/AS_Ladder_Exit_Bottom.uasset" 255
"../../../../WindStorm/Content/CC3_Char/RT_CustomMovement/AM_Ladder_Exit_Bottom.uasset" 256
"../../../../WindStorm/Content/CC3_Char/RT_CustomMovement/AS_Ladder_Exit_Top.uasset" 257
"../../../../WindStorm/Content/CustomMovement/CustomMovementRetargetAnim/AS_Ladder_Exit_Top.uasset" 258
"../../../../WindStorm/Content/CC3_Char/RT_CustomMovement/AM_Ladder_Exit_Top.uasset" 259
"../../../../WindStorm/Content/CC3_Char/RT_CustomMovement/AS_Climbing_Idle.uasset" 260
"../../../../WindStorm/Content/CC3_Char/RT_CustomMovement/AS_Ladder_Up_Loop.uasset" 261
"../../../../WindStorm/Content/CC3_Char/RT_CustomMovement/AS_Climbing_Down_L_Foot.uasset" 262
"../../../../WindStorm/Content/CC3_Char/RT_CustomMovement/AS_Climbing_Left_Down_L_Hand_Foot.uasset" 263
"../../../../WindStorm/Content/CC3_Char/RT_CustomMovement/AS_Climbing_Left_L_Hand_Foot.uasset" 264
"../../../../WindStorm/Content/CC3_Char/RT_CustomMovement/AS_Climbing_Left_Up_L_Hand_Foot.uasset" 265
"../../../../WindStorm/Content/CC3_Char/RT_CustomMovement/AS_Climbing_Up_L_Hand_Grip.uasset" 266
"../../../../WindStorm/Content/CC3_Char/RT_CustomMovement/BS_Climbing_Left.uasset" 267
"../../../../WindStorm/Content/CC3_Char/RT_CustomMovement/AS_Climbing_Left_Down_L_Hand.uasset" 268
"../../../../WindStorm/Content/CC3_Char/RT_CustomMovement/AS_Climbing_Left_L_Hand.uasset" 269
"../../../../WindStorm/Content/CC3_Char/RT_CustomMovement/AS_Climbing_Left_Up_L_Hand.uasset" 270
"../../../../WindStorm/Content/CC3_Char/RT_CustomMovement/AS_Climbing_Up_L_Hand.uasset" 271
"../../../../WindStorm/Content/CC3_Char/RT_CustomMovement/BS_Climbing_Left_Ready.uasset" 272
"../../../../WindStorm/Content/CC3_Char/RT_CustomMovement/AS_Climbing_Down_R_Foot.uasset" 273
"../../../../WindStorm/Content/CC3_Char/RT_CustomMovement/AS_Climbing_Right_Down_R_Hand_Foot.uasset" 274
"../../../../WindStorm/Content/CC3_Char/RT_CustomMovement/AS_Climbing_Right_R_Hand_Foot.uasset" 275
"../../../../WindStorm/Content/CC3_Char/RT_CustomMovement/AS_Climbing_Right_Up_R_Hand_Foot.uasset" 276
"../../../../WindStorm/Content/CC3_Char/RT_CustomMovement/AS_Climbing_Up_R_Hand_Grip.uasset" 277
"../../../../WindStorm/Content/CC3_Char/RT_CustomMovement/BS_Climbing_Right.uasset" 278
"../../../../WindStorm/Content/CC3_Char/RT_CustomMovement/AS_Climbing_Right_Down_R_Hand.uasset" 279
"../../../../WindStorm/Content/CC3_Char/RT_CustomMovement/AS_Climbing_Right_R_Hand.uasset" 280
"../../../../WindStorm/Content/CC3_Char/RT_CustomMovement/AS_Climbing_Right_Up_R_Hand.uasset" 281
"../../../../WindStorm/Content/CC3_Char/RT_CustomMovement/AS_Climbing_Up_R_Hand.uasset" 282
"../../../../WindStorm/Content/CC3_Char/RT_CustomMovement/BS_Climbing_Right_Ready.uasset" 283
"../../../../WindStorm/Content/CustomMovement/Curves/FC_ClimbingTransitionCurve.uasset" 284
"../../../../WindStorm/Content/CC3_Char/RT_CustomMovement/CC3_CustomMovementALS.uasset" 285
"../../../../WindStorm/Content/CC3_Char/RT_Anim/ALS_CLF_Pose.uasset" 286
"../../../../WindStorm/Content/AdvancedLocomotionV4/Blueprints/AnimModifiers/Calculate_RotationAmount.uasset" 287
"../../../../WindStorm/Content/CC3_Char/RT_Anim/ALS_CLF_Rotate_L90.uasset" 288
"../../../../WindStorm/Content/CC3_Char/RT_Anim/ALS_CLF_Rotate_R90.uasset" 289
"../../../../WindStorm/Content/CC3_Char/RT_Anim/ALS_CLF_to_N.uasset" 290
"../../../../WindStorm/Content/CC3_Char/RT_Anim/ALS_CLF_TurnIP_L180.uasset" 291
"../../../../WindStorm/Content/CC3_Char/RT_Anim/ALS_CLF_TurnIP_L90.uasset" 292
"../../../../WindStorm/Content/CC3_Char/RT_Anim/ALS_CLF_TurnIP_R180.uasset" 293
"../../../../WindStorm/Content/CC3_Char/RT_Anim/ALS_CLF_TurnIP_R90.uasset" 294
"../../../../WindStorm/Content/CC3_Char/RT_Anim/ALS_CLF_Walk_B.uasset" 295
"../../../../WindStorm/Content/CC3_Char/RT_Anim/ALS_CLF_Walk_F.uasset" 296
"../../../../WindStorm/Content/CC3_Char/RT_Anim/ALS_CLF_Walk_L.uasset" 297
"../../../../WindStorm/Content/CC3_Char/RT_Anim/ALS_CLF_Walk_R.uasset" 298
"../../../../WindStorm/Content/CC3_Char/RT_Anim/ALS_CLF_WalkPose.uasset" 299
"../../../../WindStorm/Content/CC3_Char/RT_Anim/ALS_CRF_Walk_L.uasset" 300
"../../../../WindStorm/Content/CC3_Char/RT_Anim/ALS_CRF_Walk_R.uasset" 301
"../../../../WindStorm/Content/CC3_Char/RT_Anim/ALS_Flail.uasset" 302
"../../../../WindStorm/Content/CC3_Char/RT_Anim/ALS_N_FallLoop.uasset" 303
"../../../../WindStorm/Content/CC3_Char/RT_Anim/ALS_N_FallLoop_Fast.uasset" 304
"../../../../WindStorm/Content/CC3_Char/RT_Anim/ALS_N_JumpLoop.uasset" 305
"../../../../WindStorm/Content/CC3_Char/RT_Anim/ALS_N_JumpRun_LF.uasset" 306
"../../../../WindStorm/Content/CC3_Char/RT_Anim/ALS_N_JumpRun_RF.uasset" 307
"../../../../WindStorm/Content/CC3_Char/RT_Anim/ALS_N_JumpWalk_LF.uasset" 308
"../../../../WindStorm/Content/CC3_Char/RT_Anim/ALS_N_JumpWalk_RF.uasset" 309
"../../../../WindStorm/Content/CC3_Char/RT_Anim/ALS_N_Land_Heavy.uasset" 310
"../../../../WindStorm/Content/CC3_Char/RT_Anim/ALS_N_Pose.uasset" 311
"../../../../WindStorm/Content/CC3_Char/RT_Anim/ALS_N_Land_Heavy_Additive.uasset" 312
"../../../../WindStorm/Content/CC3_Char/RT_Anim/ALS_N_Land_Light.uasset" 313
"../../../../WindStorm/Content/CC3_Char/RT_Anim/ALS_N_Land_Light_Additive.uasset" 314
"../../../../WindStorm/Content/AdvancedLocomotionV4/Blueprints/AnimNotifys/CameraShake_Notify.uasset" 315
"../../../../WindStorm/Content/AdvancedLocomotionV4/Blueprints/AnimNotifys/GroundedEntryState_AnimNotify.uasset" 316
"../../../../WindStorm/Content/AdvancedLocomotionV4/Blueprints/Misc/Sprint_CameraShake.uasset" 317
"../../../../WindStorm/Content/CC3_Char/RT_Anim/ALS_N_LandRoll_F.uasset" 318
"../../../../WindStorm/Content/CC3_Char/RT_Anim/ALS_N_Run_BasePose.uasset" 319
"../../../../WindStorm/Content/CC3_Char/RT_Anim/ALS_N_LocoDetail_Accel_B.uasset" 320
"../../../../WindStorm/Content/CC3_Char/RT_Anim/ALS_N_LocoDetail_Accel_F.uasset" 321
"../../../../WindStorm/Content/CC3_Char/RT_Anim/ALS_N_LocoDetail_Accel_L.uasset" 322
"../../../../WindStorm/Content/CC3_Char/RT_Anim/ALS_N_LocoDetail_Accel_R.uasset" 323
"../../../../WindStorm/Content/CC3_Char/RT_Anim/ALS_N_Look_F_Sweep.uasset" 324
"../../../../WindStorm/Content/CC3_Char/RT_Anim/ALS_N_Rotate_L90.uasset" 325
"../../../../WindStorm/Content/CC3_Char/RT_Anim/ALS_N_Rotate_R90.uasset" 326
"../../../../WindStorm/Content/CC3_Char/RT_Anim/ALS_N_SecondaryMotion.uasset" 327
"../../../../WindStorm/Content/CC3_Char/RT_Anim/ALS_N_Sprint_F.uasset" 328
"../../../../WindStorm/Content/CC3_Char/RT_Anim/ALS_N_Sprint_F_Impulse.uasset" 329
"../../../../WindStorm/Content/CC3_Char/RT_Anim/ALS_N_Stop_L_Down.uasset" 330
"../../../../WindStorm/Content/CC3_Char/RT_Anim/ALS_N_Stop_R_Down.uasset" 331
"../../../../WindStorm/Content/CC3_Char/RT_Anim/ALS_N_to_CLF.uasset" 332
"../../../../WindStorm/Content/CC3_Char/RT_Anim/ALS_N_Transition_L.uasset" 333
"../../../../WindStorm/Content/CC3_Char/RT_Anim/ALS_N_Transition_R.uasset" 334
"../../../../WindStorm/Content/CC3_Char/RT_Anim/ALS_N_TurnIP_L180.uasset" 335
"../../../../WindStorm/Content/CC3_Char/RT_Anim/ALS_N_TurnIP_L90.uasset" 336
"../../../../WindStorm/Content/CC3_Char/RT_Anim/ALS_N_TurnIP_R180.uasset" 337
"../../../../WindStorm/Content/CC3_Char/RT_Anim/ALS_N_TurnIP_R90.uasset" 338
"../../../../WindStorm/Content/CC3_Char/RT_Anim/ALS_N_Walk_B.uasset" 339
"../../../../WindStorm/Content/CC3_Char/RT_Anim/ALS_N_Walk_F.uasset" 340
"../../../../WindStorm/Content/CC3_Char/RT_Anim/ALS_N_Walk_LB.uasset" 341
"../../../../WindStorm/Content/CC3_Char/RT_Anim/ALS_N_Walk_LF.uasset" 342
"../../../../WindStorm/Content/CC3_Char/RT_Anim/ALS_N_Walk_RB.uasset" 343
"../../../../WindStorm/Content/CC3_Char/RT_Anim/ALS_N_Walk_RF.uasset" 344
"../../../../WindStorm/Content/AdvancedLocomotionV4/Blueprints/AnimModifiers/Create_LayeringCurves.uasset" 345
"../../../../WindStorm/Content/CC3_Char/RT_Anim/ALS_Props_Barrel_Poses.uasset" 346
"../../../../WindStorm/Content/CC3_Char/RT_Anim/ALS_Props_Binoculars_Poses_NoCurves.uasset" 347
"../../../../WindStorm/Content/CC3_Char/RT_Anim/ALS_Props_Binoculars_Aim_Sweep.uasset" 348
"../../../../WindStorm/Content/CC3_Char/RT_Anim/ALS_Props_Binoculars_Aim_Sweep_Crouched.uasset" 349
"../../../../WindStorm/Content/CC3_Char/RT_Anim/ALS_Props_Binoculars_Poses.uasset" 350
"../../../../WindStorm/Content/CC3_Char/RT_Anim/ALS_Props_Bow_Poses_NoCurves.uasset" 351
"../../../../WindStorm/Content/CC3_Char/RT_Anim/ALS_Props_Bow_Aim_Sweep.uasset" 352
"../../../../WindStorm/Content/CC3_Char/RT_Anim/ALS_Props_Bow_Aim_Sweep_Crouched.uasset" 353
"../../../../WindStorm/Content/CC3_Char/RT_Anim/ALS_Props_Bow_Poses.uasset" 354
"../../../../WindStorm/Content/CC3_Char/RT_Anim/ALS_Props_Box_Poses.uasset" 355
"../../../../WindStorm/Content/CC3_Char/RT_Anim/ALS_Props_M4A1_Poses_NoCurves.uasset" 356
"../../../../WindStorm/Content/CC3_Char/RT_Anim/ALS_Props_M4A1_Aim_Sweep.uasset" 357
"../../../../WindStorm/Content/CC3_Char/RT_Anim/ALS_Props_M4A1_Aim_Sweep_Crouched.uasset" 358
"../../../../WindStorm/Content/CC3_Char/RT_Anim/ALS_Props_M4A1_Poses.uasset" 359
"../../../../WindStorm/Content/CC3_Char/RT_Anim/ALS_Props_M4A1_Run_F_Arms.uasset" 360
"../../../../WindStorm/Content/AdvancedLocomotionV4/CharacterAssets/MannequinSkeleton/AnimationExamples/Overlay/M4A1/ALS_Props_M4A1_Run_F_Arms.uasset" 361
"../../../../WindStorm/Content/AdvancedLocomotionV4/Blueprints/AnimModifiers/Copy_Curves.uasset" 362
"../../../../WindStorm/Content/CC3_Char/RT_Anim/ALS_Props_M4A1_Sprint_F_Arms.uasset" 363
"../../../../WindStorm/Content/CC3_Char/RT_Anim/ALS_Props_M4A1_Sprint_F_Impulse_Arms.uasset" 364
"../../../../WindStorm/Content/CC3_Char/RT_Anim/ALS_Props_Pistol_1H_Poses_NoCurves.uasset" 365
"../../../../WindStorm/Content/CC3_Char/RT_Anim/ALS_Props_Pistol_1H_Aim_Sweep.uasset" 366
"../../../../WindStorm/Content/CC3_Char/RT_Anim/ALS_Props_Pistol_1H_Aim_Sweep_Crouched.uasset" 367
"../../../../WindStorm/Content/CC3_Char/RT_Anim/ALS_Props_Pistol_1H_Poses.uasset" 368
"../../../../WindStorm/Content/CC3_Char/RT_Anim/ALS_Props_Pistol_2H_Poses_NoCurves.uasset" 369
"../../../../WindStorm/Content/CC3_Char/RT_Anim/ALS_Props_Pistol_2H_Aim_Sweep.uasset" 370
"../../../../WindStorm/Content/CC3_Char/RT_Anim/ALS_Props_Pistol_2H_Aim_Sweep_Crouched.uasset" 371
"../../../../WindStorm/Content/CC3_Char/RT_Anim/ALS_Props_Pistol_2H_Poses.uasset" 372
"../../../../WindStorm/Content/CC3_Char/RT_Anim/ALS_Props_Torch_Poses_NoCurves.uasset" 373
"../../../../WindStorm/Content/CC3_Char/RT_Anim/ALS_Props_Torch_Aim_Sweep.uasset" 374
"../../../../WindStorm/Content/CC3_Char/RT_Anim/ALS_Props_Torch_Aim_Sweep_Crouched.uasset" 375
"../../../../WindStorm/Content/CC3_Char/RT_Anim/ALS_Props_Torch_Poses.uasset" 376
"../../../../WindStorm/Content/CC3_Char/RT_Anim/ALS_StanceVariation_Feminine.uasset" 377
"../../../../WindStorm/Content/CC3_Char/RT_Anim/ALS_StanceVariation_HandsTied.uasset" 378
"../../../../WindStorm/Content/CC3_Char/RT_Anim/ALS_StanceVariation_Injured.uasset" 379
"../../../../WindStorm/Content/CC3_Char/RT_Anim/ALS_StanceVariation_Masculine.uasset" 380
"../../../../WindStorm/Content/CC3_Char/RT_Anim/ALS_StanceVariation_Normal.uasset" 381
"../../../../WindStorm/Content/CC3_Char/RT_Anim/ALS_N_LeanPose_0.uasset" 382
"../../../../WindStorm/Content/CC3_Char/RT_Anim/ALS_N_LeanPose_B.uasset" 383
"../../../../WindStorm/Content/CC3_Char/RT_Anim/ALS_N_LeanPose_F.uasset" 384
"../../../../WindStorm/Content/CC3_Char/RT_Anim/ALS_N_LeanPose_L.uasset" 385
"../../../../WindStorm/Content/CC3_Char/RT_Anim/ALS_N_LeanPose_R.uasset" 386
"../../../../WindStorm/Content/AdvancedLocomotionV4/Blueprints/AnimModifiers/AnimCurveCreationData.uasset" 387
"../../../../WindStorm/Content/AdvancedLocomotionV4/Blueprints/AnimModifiers/AnimCurveCreationParams.uasset" 388
"../../../../WindStorm/Content/AdvancedLocomotionV4/Blueprints/AnimModifiers/Create_Curves.uasset" 389
"../../../../WindStorm/Content/CC3_Char/RT_Anim/ALS_N_RunPose_F.uasset" 390
"../../../../WindStorm/Content/CC3_Char/RT_Anim/ALS_N_Lean.uasset" 391
"../../../../WindStorm/Content/CC3_Char/RT_Anim/ALS_N_Falling_LeanPose_0.uasset" 392
"../../../../WindStorm/Content/CC3_Char/RT_Anim/ALS_N_Falling_LeanPose_B.uasset" 393
"../../../../WindStorm/Content/CC3_Char/RT_Anim/ALS_N_Falling_LeanPose_F.uasset" 394
"../../../../WindStorm/Content/CC3_Char/RT_Anim/ALS_N_Falling_LeanPose_L.uasset" 395
"../../../../WindStorm/Content/CC3_Char/RT_Anim/ALS_N_Falling_LeanPose_R.uasset" 396
"../../../../WindStorm/Content/CC3_Char/RT_Anim/ALS_N_Lean_Falling.uasset" 397
"../../../../WindStorm/Content/CC3_Char/RT_Anim/ALS_N_Run_B.uasset" 398
"../../../../WindStorm/Content/CC3_Char/RT_Anim/ALS_N_WalkPose_F.uasset" 399
"../../../../WindStorm/Content/CC3_Char/RT_Anim/ALS_N_WalkRun_B.uasset" 400
"../../../../WindStorm/Content/CC3_Char/RT_Anim/ALS_N_Run_LB.uasset" 401
"../../../../WindStorm/Content/CC3_Char/RT_Anim/ALS_N_RunPose_R.uasset" 402
"../../../../WindStorm/Content/CC3_Char/RT_Anim/ALS_N_WalkPose_R.uasset" 403
"../../../../WindStorm/Content/CC3_Char/RT_Anim/ALS_N_WalkRun_BL.uasset" 404
"../../../../WindStorm/Content/CC3_Char/RT_Anim/ALS_N_Run_RB.uasset" 405
"../../../../WindStorm/Content/CC3_Char/RT_Anim/ALS_N_RunPose_L.uasset" 406
"../../../../WindStorm/Content/CC3_Char/RT_Anim/ALS_N_WalkPose_L.uasset" 407
"../../../../WindStorm/Content/CC3_Char/RT_Anim/ALS_N_WalkRun_BR.uasset" 408
"../../../../WindStorm/Content/CC3_Char/RT_Anim/ALS_N_Run_F.uasset" 409
"../../../../WindStorm/Content/CC3_Char/RT_Anim/ALS_N_WalkRun_F.uasset" 410
"../../../../WindStorm/Content/CC3_Char/RT_Anim/ALS_N_Run_LF.uasset" 411
"../../../../WindStorm/Content/CC3_Char/RT_Anim/ALS_N_WalkRun_FL.uasset" 412
"../../../../WindStorm/Content/CC3_Char/RT_Anim/ALS_N_Run_RF.uasset" 413
"../../../../WindStorm/Content/CC3_Char/RT_Anim/ALS_N_WalkRun_FR.uasset" 414
"../../../../WindStorm/Content/CC3_Char/RT_Anim/ALS_N_Look_D_Sweep.uasset" 415
"../../../../WindStorm/Content/CC3_Char/RT_Anim/ALS_N_Look_U_Sweep.uasset" 416
"../../../../WindStorm/Content/CC3_Char/RT_Anim/ALS_N_Look.uasset" 417
"../../../../WindStorm/Content/AdvancedLocomotionV4/Data/Structs/TurnInPlace_Asset.uasset" 418
"../../../../WindStorm/Content/AdvancedLocomotionV4/Data/Curves/AnimationBlendCurves/AimingInCurve.uasset" 419
"../../../../WindStorm/Content/AdvancedLocomotionV4/Data/Curves/AnimationBlendCurves/AimingOutCurve.uasset" 420
"../../../../WindStorm/Content/AdvancedLocomotionV4/Data/Curves/AnimationBlendCurves/AO_SwitchSidesIn.uasset" 421
"../../../../WindStorm/Content/AdvancedLocomotionV4/Data/Curves/AnimationBlendCurves/AO_SwitchSidesOut.uasset" 422
"../../../../WindStorm/Content/AdvancedLocomotionV4/Data/Curves/AnimationBlendCurves/ChangeDirection.uasset" 423
"../../../../WindStorm/Content/AdvancedLocomotionV4/Data/Curves/AnimationBlendCurves/ChangeStance.uasset" 424
"../../../../WindStorm/Content/AdvancedLocomotionV4/Data/Curves/AnimationBlendCurves/DiagonalScaleAmount.uasset" 425
"../../../../WindStorm/Content/AdvancedLocomotionV4/Data/Curves/AnimationBlendCurves/LandPredictionBlend.uasset" 426
"../../../../WindStorm/Content/AdvancedLocomotionV4/Data/Curves/AnimationBlendCurves/LeanInAirAmount.uasset" 427
"../../../../WindStorm/Content/AdvancedLocomotionV4/Data/Curves/AnimationBlendCurves/LookIn.uasset" 428
"../../../../WindStorm/Content/AdvancedLocomotionV4/Data/Curves/AnimationBlendCurves/LookOut.uasset" 429
"../../../../WindStorm/Content/AdvancedLocomotionV4/Data/Curves/AnimationBlendCurves/StrideBlend_N_Run.uasset" 430
"../../../../WindStorm/Content/AdvancedLocomotionV4/Data/Curves/AnimationBlendCurves/StrideBlend_N_Walk.uasset" 431
"../../../../WindStorm/Content/AdvancedLocomotionV4/Data/Curves/AnimationBlendCurves/YawOffset_FB.uasset" 432
"../../../../WindStorm/Content/AdvancedLocomotionV4/Data/Curves/AnimationBlendCurves/YawOffset_LR.uasset" 433
"../../../../WindStorm/Content/AdvancedLocomotionV4/Data/Structs/DynamicMontageParams.uasset" 434
"../../../../WindStorm/Content/AdvancedLocomotionV4/Data/Structs/LeanAmount.uasset" 435
"../../../../WindStorm/Content/AdvancedLocomotionV4/Data/Structs/VelocityBlend.uasset" 436
"../../../../WindStorm/Content/AdvancedLocomotionV4/Data/Enums/HipsDirection.uasset" 437
"../../../../WindStorm/Content/AdvancedLocomotionV4/Data/Enums/MovementDirection.uasset" 438
"../../../../WindStorm/Content/AdvancedLocomotionV4/Data/Structs/RotateInPlace_Asset.uasset" 439
"../../../../WindStorm/Content/Footsteps/bridge_n1.uasset" 440
"../../../../WindStorm/Content/Footsteps/bridgen2.uasset" 441
"../../../../WindStorm/Content/Footsteps/snow_2.uasset" 442
"../../../../WindStorm/Content/Footsteps/snown3.uasset" 443
"../../../../WindStorm/Content/Footsteps/stone.uasset" 444
"../../../../WindStorm/Content/Footsteps/stone_3.uasset" 445
"../../../../WindStorm/Content/CC3_Char/RT_Anim/CC3_AnimBP.uasset" 446
"../../../../WindStorm/Content/AdvancedLocomotionV4/Audio/Footsteps/Concrete_Walk_05.uasset" 447
"../../../../WindStorm/Content/AdvancedLocomotionV4/Audio/Footsteps/Footstep_Cue.uasset" 448
"../../../../WindStorm/Content/AdvancedLocomotionV4/Data/Enums/FootstepType.uasset" 449
"../../../../WindStorm/Content/AdvancedLocomotionV4/Blueprints/AnimNotifys/Footstep_AnimNotify.uasset" 450
"../../../../WindStorm/Content/AdvancedLocomotionV4/CharacterAssets/MannequinSkeleton/AnimationExamples/Actions/ALS_CLF_GetUp_Back.uasset" 451
"../../../../WindStorm/Content/CC3_Char/RT_Anim/ALS_CLF_GetUp_Back.uasset" 452
"../../../../WindStorm/Content/AdvancedLocomotionV4/Blueprints/AnimNotifys/MovementAction_NotifyState.uasset" 453
"../../../../WindStorm/Content/AdvancedLocomotionV4/Blueprints/AnimNotifys/OverlayOverride_NotifyState.uasset" 454
"../../../../WindStorm/Content/CC3_Char/RT_Anim/ALS_CLF_GetUp_Back_Montage_2H.uasset" 455
"../../../../WindStorm/Content/CC3_Char/RT_Anim/ALS_CLF_GetUp_Back_Montage_Default.uasset" 456
"../../../../WindStorm/Content/CC3_Char/RT_Anim/ALS_CLF_GetUp_Back_Montage_LH.uasset" 457
"../../../../WindStorm/Content/CC3_Char/RT_Anim/ALS_CLF_GetUp_Back_Montage_RH.uasset" 458
"../../../../WindStorm/Content/AdvancedLocomotionV4/CharacterAssets/MannequinSkeleton/AnimationExamples/Actions/ALS_CLF_GetUp_Front.uasset" 459
"../../../../WindStorm/Content/CC3_Char/RT_Anim/ALS_CLF_GetUp_Front.uasset" 460
"../../../../WindStorm/Content/CC3_Char/RT_Anim/ALS_CLF_GetUp_Front_Montage_2H.uasset" 461
"../../../../WindStorm/Content/CC3_Char/RT_Anim/ALS_CLF_GetUp_Front_Montage_Default.uasset" 462
"../../../../WindStorm/Content/CC3_Char/RT_Anim/ALS_CLF_GetUp_Front_Montage_LH.uasset" 463
"../../../../WindStorm/Content/CC3_Char/RT_Anim/ALS_CLF_GetUp_Front_Montage_RH.uasset" 464
"../../../../WindStorm/Content/AdvancedLocomotionV4/CharacterAssets/MannequinSkeleton/AnimationExamples/Actions/ALS_N_LandRoll_F.uasset" 465
"../../../../WindStorm/Content/CC3_Char/RT_Anim/ALS_N_LandRoll_F1.uasset" 466
"../../../../WindStorm/Content/CC3_Char/RT_Anim/ALS_N_LandRoll_F_Montage_2H.uasset" 467
"../../../../WindStorm/Content/CC3_Char/RT_Anim/ALS_N_LandRoll_F_Montage_Default.uasset" 468
"../../../../WindStorm/Content/CC3_Char/RT_Anim/ALS_N_LandRoll_F_Montage_LH.uasset" 469
"../../../../WindStorm/Content/CC3_Char/RT_Anim/ALS_N_LandRoll_F_Montage_RH.uasset" 470
"../../../../WindStorm/Content/AdvancedLocomotionV4/CharacterAssets/MannequinSkeleton/AnimationExamples/Actions/ALS_N_Mantle_1m_RH.uasset" 471
"../../../../WindStorm/Content/CC3_Char/RT_Anim/ALS_N_Mantle_1m_RH.uasset" 472
"../../../../WindStorm/Content/AdvancedLocomotionV4/Blueprints/AnimNotifys/EarlyBlendOut_NotifyState.uasset" 473
"../../../../WindStorm/Content/CC3_Char/RT_Anim/ALS_N_Mantle_1m_Montage_2H.uasset" 474
"../../../../WindStorm/Content/CC3_Char/RT_Anim/ALS_N_Mantle_1m_Montage_Box.uasset" 475
"../../../../WindStorm/Content/CC3_Char/RT_Anim/ALS_N_Mantle_1m_Montage_Default.uasset" 476
"../../../../WindStorm/Content/AdvancedLocomotionV4/CharacterAssets/MannequinSkeleton/AnimationExamples/Actions/ALS_N_Mantle_1m_LH.uasset" 477
"../../../../WindStorm/Content/CC3_Char/RT_Anim/ALS_N_Mantle_1m_LH.uasset" 478
"../../../../WindStorm/Content/CC3_Char/RT_Anim/ALS_N_Mantle_1m_Montage_LH.uasset" 479
"../../../../WindStorm/Content/CC3_Char/RT_Anim/ALS_N_Mantle_1m_Montage_RH.uasset" 480
"../../../../WindStorm/Content/AdvancedLocomotionV4/CharacterAssets/MannequinSkeleton/AnimationExamples/Actions/ALS_N_Mantle_2m.uasset" 481
"../../../../WindStorm/Content/CC3_Char/RT_Anim/ALS_N_Mantle_2m.uasset" 482
"../../../../WindStorm/Content/CC3_Char/RT_Anim/ALS_N_Mantle_2m_Montage_Default.uasset" 483
"../../../../WindStorm/Content/CustomMovement/Blueprints/ETC/CustomMovementMacroLibrary.uasset" 484
"../../../../WindStorm/Content/AdvancedLocomotionV4/Data/Curves/CameraBlendCurves/CameraLerp_1.uasset" 485
"../../../../WindStorm/Content/AdvancedLocomotionV4/Data/Curves/CameraBlendCurves/CameraLerp_2.uasset" 486
"../../../../WindStorm/Content/AdvancedLocomotionV4/Blueprints/CameraSystem/Camera_Skeleton.uasset" 487
"../../../../WindStorm/Content/AdvancedLocomotionV4/Blueprints/CameraSystem/ALS_PlayerCameraBehavior.uasset" 488
"../../../Engine/Content/BasicShapes/BasicShapeMaterial.uasset" 489
"../../../../WindStorm/Content/AdvancedLocomotionV4/Blueprints/CameraSystem/Camera.uasset" 490
"../../../../WindStorm/Content/AdvancedLocomotionV4/Blueprints/CameraSystem/ALS_PlayerCameraManager.uasset" 491
"../../../../WindStorm/Content/AdvancedLocomotionV4/Audio/UI/Click.uasset" 492
"../../../../WindStorm/Content/AdvancedLocomotionV4/Blueprints/UI/Arrow.uasset" 493
"../../../../WindStorm/Content/AdvancedLocomotionV4/Blueprints/UI/ALS_HUD.uasset" 494
"../../../../WindStorm/Content/AdvancedLocomotionV4/Blueprints/UI/OverlayStateButton.uasset" 495
"../../../../WindStorm/Content/AdvancedLocomotionV4/Blueprints/UI/OverlayStateButtonParams.uasset" 496
"../../../../WindStorm/Content/AdvancedLocomotionV4/Blueprints/UI/OverlayStateSwitcher.uasset" 497
"../../../../WindStorm/Content/AdvancedLocomotionV4/Blueprints/CharacterLogic/ALS_Player_Controller.uasset" 498
"../../../../WindStorm/Content/AdvancedLocomotionV4/Props/Meshes/Barrel.uasset" 499
"../../../../WindStorm/Content/AdvancedLocomotionV4/Props/Materials/M_Prop_Bow1.uasset" 500
"../../../../WindStorm/Content/AdvancedLocomotionV4/Props/Materials/M_Prop_Bow2.uasset" 501
"../../../../WindStorm/Content/AdvancedLocomotionV4/Props/Materials/M_Prop_Bow3.uasset" 502
"../../../../WindStorm/Content/AdvancedLocomotionV4/Props/Meshes/Bow.uasset" 503
"../../../../WindStorm/Content/AdvancedLocomotionV4/Props/Meshes/Box.uasset" 504
"../../../../WindStorm/Content/AdvancedLocomotionV4/Props/Materials/M_Prop_M4A1.uasset" 505
"../../../../WindStorm/Content/AdvancedLocomotionV4/Props/Meshes/M4A1_Skeleton.uasset" 506
"../../../../WindStorm/Content/AdvancedLocomotionV4/Props/Meshes/M4A1.uasset" 507
"../../../../WindStorm/Content/AdvancedLocomotionV4/Props/Materials/M_Prop_M9.uasset" 508
"../../../../WindStorm/Content/AdvancedLocomotionV4/Props/Meshes/M9_Skeleton.uasset" 509
"../../../../WindStorm/Content/AdvancedLocomotionV4/Props/Meshes/M9.uasset" 510
"../../../../WindStorm/Content/Caracters/material/Std_Eye_L_Pbr_Diffuse.uasset" 511
"../../../../WindStorm/Content/Caracters/material/Std_Eye_L_Pbr_Normal.uasset" 512
"../../../../WindStorm/Content/Caracters/material/Eye.uasset" 513
"../../../../WindStorm/Content/Caracters/material/Char01_BaseColor.uasset" 514
"../../../../WindStorm/Content/Caracters/material/Char01_opac.uasset" 515
"../../../../WindStorm/Content/Caracters/material/glass.uasset" 516
"../../../../WindStorm/Content/Caracters/material/Std_Eyelash_5_Tra_Opacity.uasset" 517
"../../../../WindStorm/Content/Caracters/material/Std_Eyelash_5_Tra.uasset" 518
"../../../../WindStorm/Content/Caracters/material/Std_Skin_Head_Pbr_Diffuse.uasset" 519
"../../../../WindStorm/Content/Caracters/material/Std_Skin_Head_Pbr_Normal.uasset" 520
"../../../../WindStorm/Content/Caracters/material/Std_Skin_Head_Pbr_ORM.uasset" 521
"../../../../WindStorm/Content/Caracters/material/Std_Skin_Head_Pbr_Diffuse_Mat.uasset" 522
"../../../Engine/Content/Functions/Engine_MaterialFunctions01/Gradient/LinearGradient.uasset" 523
"../../../Engine/Content/Functions/Engine_MaterialFunctions01/ImageAdjustment/3ColorBlend.uasset" 524
"../../../Engine/Content/Functions/Engine_MaterialFunctions01/Texturing/FlattenNormal.uasset" 525
"../../../Engine/Content/Functions/Engine_MaterialFunctions01/Texturing/ScaleUVsByCenter.uasset" 526
"../../../Engine/Content/Functions/Engine_MaterialFunctions02/Utility/BreakOutFloat3Components.uasset" 527
"../../../../WindStorm/Content/Caracters/material/Char01_mask.uasset" 528
"../../../../WindStorm/Content/Caracters/material/Char01_Normal.uasset" 529
"../../../../WindStorm/Content/Caracters/material/Char01_OcclusionRoughnessMetallic.uasset" 530
"../../../../WindStorm/Content/Caracters/material/ucrjaacn_2K_Albedo.uasset" 531
"../../../../WindStorm/Content/Caracters/material/ucrjaacn_2K_AO_Roughness.uasset" 532
"../../../../WindStorm/Content/Caracters/material/ucrjaacn_2K_Normal.uasset" 533
"../../../../WindStorm/Content/Caracters/material/Char_Mat_01.uasset" 534
"../../../../WindStorm/Content/Caracters/material/Char02_BaseColor.uasset" 535
"../../../../WindStorm/Content/Caracters/material/Char_Mat_01_Inst_02.uasset" 536
"../../../../WindStorm/Content/Caracters/StatickCharacter/Friend01_01.uasset" 537
"../../../../WindStorm/Content/Caracters/StatickCharacter/Friend01_02.uasset" 538
"../../../../WindStorm/Content/Caracters/StatickCharacter/Friend01_03.uasset" 539
"../../../../WindStorm/Content/AdvancedLocomotionV4/Blueprints/CharacterLogic/CC3_Gruz.uasset" 540
"../../../../WindStorm/Content/Fier/Exp.uasset" 541
"../../../../WindStorm/Content/Fier/cil.uasset" 542
"../../../../WindStorm/Content/Fier/Fier.uasset" 543
"../../../../WindStorm/Content/CustomMovement/Characters/Meshes/UE4_Mannequin_Skeleton.uasset" 544
"../../../../WindStorm/Content/CustomMovement/Characters/Animations/Climbing/AS_Climbing_Top_Enter.uasset" 545
"../../../../WindStorm/Content/CustomMovement/CustomMovementRetargetAnim/AM_Climbing_Enter_Top.uasset" 546
"../../../../WindStorm/Content/CustomMovement/Characters/Animations/Climbing/AS_Climbing_Top_Exit.uasset" 547
"../../../../WindStorm/Content/CustomMovement/CustomMovementRetargetAnim/AM_Climbing_Exit_Top.uasset" 548
"../../../../WindStorm/Content/CustomMovement/Characters/Animations/Ladder/AS_Ladder_Enter_Bottom.uasset" 549
"../../../../WindStorm/Content/CustomMovement/CustomMovementRetargetAnim/AM_Ladder_Enter_Bottom.uasset" 550
"../../../../WindStorm/Content/CustomMovement/Characters/Animations/Ladder/AS_Ladder_Enter_Top.uasset" 551
"../../../../WindStorm/Content/CustomMovement/CustomMovementRetargetAnim/AM_Ladder_Enter_Top.uasset" 552
"../../../../WindStorm/Content/CustomMovement/Characters/Animations/Ladder/AS_Ladder_Exit_Bottom.uasset" 553
"../../../../WindStorm/Content/CustomMovement/CustomMovementRetargetAnim/AM_Ladder_Exit_Bottom.uasset" 554
"../../../../WindStorm/Content/CustomMovement/Characters/Animations/Ladder/AS_Ladder_Exit_Top.uasset" 555
"../../../../WindStorm/Content/CustomMovement/CustomMovementRetargetAnim/AM_Ladder_Exit_Top.uasset" 556
"../../../../WindStorm/Content/CustomMovement/CustomMovementRetargetAnim/AS_Climbing_Idle.uasset" 557
"../../../../WindStorm/Content/CustomMovement/CustomMovementRetargetAnim/AS_Ladder_Up_Loop.uasset" 558
"../../../../WindStorm/Content/CustomMovement/CustomMovementRetargetAnim/AS_Climbing_Down_L_Foot.uasset" 559
"../../../../WindStorm/Content/CustomMovement/CustomMovementRetargetAnim/AS_Climbing_Left_Down_L_Hand_Foot.uasset" 560
"../../../../WindStorm/Content/CustomMovement/CustomMovementRetargetAnim/AS_Climbing_Left_L_Hand_Foot.uasset" 561
"../../../../WindStorm/Content/CustomMovement/CustomMovementRetargetAnim/AS_Climbing_Left_Up_L_Hand_Foot.uasset" 562
"../../../../WindStorm/Content/CustomMovement/CustomMovementRetargetAnim/AS_Climbing_Up_L_Hand_Grip.uasset" 563
"../../../../WindStorm/Content/CustomMovement/CustomMovementRetargetAnim/BS_Climbing_Left.uasset" 564
"../../../../WindStorm/Content/CustomMovement/CustomMovementRetargetAnim/AS_Climbing_Left_Down_L_Hand.uasset" 565
"../../../../WindStorm/Content/CustomMovement/CustomMovementRetargetAnim/AS_Climbing_Left_L_Hand.uasset" 566
"../../../../WindStorm/Content/CustomMovement/CustomMovementRetargetAnim/AS_Climbing_Left_Up_L_Hand.uasset" 567
"../../../../WindStorm/Content/CustomMovement/CustomMovementRetargetAnim/AS_Climbing_Up_L_Hand.uasset" 568
"../../../../WindStorm/Content/CustomMovement/CustomMovementRetargetAnim/BS_Climbing_Left_Ready.uasset" 569
"../../../../WindStorm/Content/CustomMovement/CustomMovementRetargetAnim/AS_Climbing_Down_R_Foot.uasset" 570
"../../../../WindStorm/Content/CustomMovement/CustomMovementRetargetAnim/AS_Climbing_Right_Down_R_Hand_Foot.uasset" 571
"../../../../WindStorm/Content/CustomMovement/CustomMovementRetargetAnim/AS_Climbing_Right_R_Hand_Foot.uasset" 572
"../../../../WindStorm/Content/CustomMovement/CustomMovementRetargetAnim/AS_Climbing_Right_Up_R_Hand_Foot.uasset" 573
"../../../../WindStorm/Content/CustomMovement/CustomMovementRetargetAnim/AS_Climbing_Up_R_Hand_Grip.uasset" 574
"../../../../WindStorm/Content/CustomMovement/CustomMovementRetargetAnim/BS_Climbing_Right.uasset" 575
"../../../../WindStorm/Content/CustomMovement/CustomMovementRetargetAnim/AS_Climbing_Right_Down_R_Hand.uasset" 576
"../../../../WindStorm/Content/CustomMovement/CustomMovementRetargetAnim/AS_Climbing_Right_R_Hand.uasset" 577
"../../../../WindStorm/Content/CustomMovement/CustomMovementRetargetAnim/AS_Climbing_Right_Up_R_Hand.uasset" 578
"../../../../WindStorm/Content/CustomMovement/CustomMovementRetargetAnim/AS_Climbing_Up_R_Hand.uasset" 579
"../../../../WindStorm/Content/CustomMovement/CustomMovementRetargetAnim/BS_Climbing_Right_Ready.uasset" 580
"../../../../WindStorm/Content/CustomMovement/CustomMovementRetargetAnim/ABP_CustomMovementALS.uasset" 581
"../../../../WindStorm/Content/AdvancedLocomotionV4/CharacterAssets/MannequinSkeleton/AnimationExamples/Base/BasePoses/ALS_N_Pose.uasset" 582
"../../../../WindStorm/Content/AdvancedLocomotionV4/CharacterAssets/MannequinSkeleton/AnimationExamples/AimOffsets/ALS_N_Look_F_Sweep.uasset" 583
"../../../../WindStorm/Content/AdvancedLocomotionV4/CharacterAssets/MannequinSkeleton/AnimationExamples/Base/BasePoses/ALS_CLF_Pose.uasset" 584
"../../../../WindStorm/Content/AdvancedLocomotionV4/CharacterAssets/MannequinSkeleton/AnimationExamples/Base/InAir/ALS_Flail.uasset" 585
"../../../../WindStorm/Content/AdvancedLocomotionV4/CharacterAssets/MannequinSkeleton/AnimationExamples/Base/InAir/ALS_N_FallLoop.uasset" 586
"../../../../WindStorm/Content/AdvancedLocomotionV4/CharacterAssets/MannequinSkeleton/AnimationExamples/Base/InAir/ALS_N_FallLoop_Fast.uasset" 587
"../../../../WindStorm/Content/AdvancedLocomotionV4/CharacterAssets/MannequinSkeleton/AnimationExamples/Base/InAir/ALS_N_JumpLoop.uasset" 588
"../../../../WindStorm/Content/AdvancedLocomotionV4/CharacterAssets/MannequinSkeleton/AnimationExamples/Base/InAir/ALS_N_JumpRun_LF.uasset" 589
"../../../../WindStorm/Content/AdvancedLocomotionV4/CharacterAssets/MannequinSkeleton/AnimationExamples/Base/InAir/ALS_N_JumpRun_RF.uasset" 590
"../../../../WindStorm/Content/AdvancedLocomotionV4/CharacterAssets/MannequinSkeleton/AnimationExamples/Base/InAir/ALS_N_JumpWalk_LF.uasset" 591
"../../../../WindStorm/Content/AdvancedLocomotionV4/CharacterAssets/MannequinSkeleton/AnimationExamples/Base/InAir/ALS_N_JumpWalk_RF.uasset" 592
"../../../../WindStorm/Content/AdvancedLocomotionV4/CharacterAssets/MannequinSkeleton/AnimationExamples/Base/InAir/ALS_N_Land_Heavy.uasset" 593
"../../../../WindStorm/Content/AdvancedLocomotionV4/CharacterAssets/MannequinSkeleton/AnimationExamples/Base/InAir/ALS_N_Land_Heavy_Additive.uasset" 594
"../../../../WindStorm/Content/AdvancedLocomotionV4/CharacterAssets/MannequinSkeleton/AnimationExamples/Base/InAir/ALS_N_Land_Light.uasset" 595
"../../../../WindStorm/Content/AdvancedLocomotionV4/CharacterAssets/MannequinSkeleton/AnimationExamples/Base/InAir/ALS_N_Land_Light_Additive.uasset" 596
"../../../../WindStorm/Content/AdvancedLocomotionV4/CharacterAssets/MannequinSkeleton/AnimationExamples/Base/Locomotion/ALS_CLF_Walk_B.uasset" 597
"../../../../WindStorm/Content/AdvancedLocomotionV4/CharacterAssets/MannequinSkeleton/AnimationExamples/Base/Locomotion/ALS_CLF_Walk_F.uasset" 598
"../../../../WindStorm/Content/AdvancedLocomotionV4/CharacterAssets/MannequinSkeleton/AnimationExamples/Base/Locomotion/ALS_CLF_Walk_L.uasset" 599
"../../../../WindStorm/Content/AdvancedLocomotionV4/CharacterAssets/MannequinSkeleton/AnimationExamples/Base/Locomotion/ALS_CLF_Walk_R.uasset" 600
"../../../../WindStorm/Content/AdvancedLocomotionV4/CharacterAssets/MannequinSkeleton/AnimationExamples/Base/Locomotion/ALS_CLF_WalkPose.uasset" 601
"../../../../WindStorm/Content/AdvancedLocomotionV4/CharacterAssets/MannequinSkeleton/AnimationExamples/Base/Locomotion/ALS_CRF_Walk_L.uasset" 602
"../../../../WindStorm/Content/AdvancedLocomotionV4/CharacterAssets/MannequinSkeleton/AnimationExamples/Base/Locomotion/ALS_CRF_Walk_R.uasset" 603
"../../../../WindStorm/Content/AdvancedLocomotionV4/CharacterAssets/MannequinSkeleton/AnimationExamples/Base/Locomotion/ALS_N_Sprint_F.uasset" 604
"../../../../WindStorm/Content/AdvancedLocomotionV4/CharacterAssets/MannequinSkeleton/AnimationExamples/Base/Locomotion/ALS_N_Sprint_F_Impulse.uasset" 605
"../../../../WindStorm/Content/AdvancedLocomotionV4/CharacterAssets/MannequinSkeleton/AnimationExamples/Base/Locomotion/ALS_N_Walk_B.uasset" 606
"../../../../WindStorm/Content/AdvancedLocomotionV4/CharacterAssets/MannequinSkeleton/AnimationExamples/Base/Locomotion/ALS_N_Walk_F.uasset" 607
"../../../../WindStorm/Content/AdvancedLocomotionV4/CharacterAssets/MannequinSkeleton/AnimationExamples/Base/Locomotion/ALS_N_Walk_LB.uasset" 608
"../../../../WindStorm/Content/AdvancedLocomotionV4/CharacterAssets/MannequinSkeleton/AnimationExamples/Base/Locomotion/ALS_N_Walk_LF.uasset" 609
"../../../../WindStorm/Content/AdvancedLocomotionV4/CharacterAssets/MannequinSkeleton/AnimationExamples/Base/Locomotion/ALS_N_Walk_RB.uasset" 610
"../../../../WindStorm/Content/AdvancedLocomotionV4/CharacterAssets/MannequinSkeleton/AnimationExamples/Base/Locomotion/ALS_N_Walk_RF.uasset" 611
"../../../../WindStorm/Content/AdvancedLocomotionV4/CharacterAssets/MannequinSkeleton/AnimationExamples/Base/Locomotion/Detail/ALS_N_Run_BasePose.uasset" 612
"../../../../WindStorm/Content/AdvancedLocomotionV4/CharacterAssets/MannequinSkeleton/AnimationExamples/Base/Locomotion/Detail/ALS_N_LocoDetail_Accel_B.uasset" 613
"../../../../WindStorm/Content/AdvancedLocomotionV4/CharacterAssets/MannequinSkeleton/AnimationExamples/Base/Locomotion/Detail/ALS_N_LocoDetail_Accel_F.uasset" 614
"../../../../WindStorm/Content/AdvancedLocomotionV4/CharacterAssets/MannequinSkeleton/AnimationExamples/Base/Locomotion/Detail/ALS_N_LocoDetail_Accel_L.uasset" 615
"../../../../WindStorm/Content/AdvancedLocomotionV4/CharacterAssets/MannequinSkeleton/AnimationExamples/Base/Locomotion/Detail/ALS_N_LocoDetail_Accel_R.uasset" 616
"../../../../WindStorm/Content/AdvancedLocomotionV4/CharacterAssets/MannequinSkeleton/AnimationExamples/Base/Transitions/ALS_CLF_to_N.uasset" 617
"../../../../WindStorm/Content/AdvancedLocomotionV4/CharacterAssets/MannequinSkeleton/AnimationExamples/Base/Transitions/ALS_N_Stop_L_Down.uasset" 618
"../../../../WindStorm/Content/AdvancedLocomotionV4/CharacterAssets/MannequinSkeleton/AnimationExamples/Base/Transitions/ALS_N_Stop_R_Down.uasset" 619
"../../../../WindStorm/Content/AdvancedLocomotionV4/CharacterAssets/MannequinSkeleton/AnimationExamples/Base/Transitions/ALS_N_to_CLF.uasset" 620
"../../../../WindStorm/Content/AdvancedLocomotionV4/CharacterAssets/MannequinSkeleton/AnimationExamples/Base/Transitions/ALS_N_Transition_L.uasset" 621
"../../../../WindStorm/Content/AdvancedLocomotionV4/CharacterAssets/MannequinSkeleton/AnimationExamples/Base/Transitions/ALS_N_Transition_R.uasset" 622
"../../../../WindStorm/Content/AdvancedLocomotionV4/CharacterAssets/MannequinSkeleton/AnimationExamples/Base/TurnInPlace/ALS_CLF_Rotate_L90.uasset" 623
"../../../../WindStorm/Content/AdvancedLocomotionV4/CharacterAssets/MannequinSkeleton/AnimationExamples/Base/TurnInPlace/ALS_CLF_Rotate_R90.uasset" 624
"../../../../WindStorm/Content/AdvancedLocomotionV4/CharacterAssets/MannequinSkeleton/AnimationExamples/Base/TurnInPlace/ALS_CLF_TurnIP_L180.uasset" 625
"../../../../WindStorm/Content/AdvancedLocomotionV4/CharacterAssets/MannequinSkeleton/AnimationExamples/Base/TurnInPlace/ALS_CLF_TurnIP_L90.uasset" 626
"../../../../WindStorm/Content/AdvancedLocomotionV4/CharacterAssets/MannequinSkeleton/AnimationExamples/Base/TurnInPlace/ALS_CLF_TurnIP_R180.uasset" 627
"../../../../WindStorm/Content/AdvancedLocomotionV4/CharacterAssets/MannequinSkeleton/AnimationExamples/Base/TurnInPlace/ALS_CLF_TurnIP_R90.uasset" 628
"../../../../WindStorm/Content/AdvancedLocomotionV4/CharacterAssets/MannequinSkeleton/AnimationExamples/Base/TurnInPlace/ALS_N_Rotate_L90.uasset" 629
"../../../../WindStorm/Content/AdvancedLocomotionV4/CharacterAssets/MannequinSkeleton/AnimationExamples/Base/TurnInPlace/ALS_N_Rotate_R90.uasset" 630
"../../../../WindStorm/Content/AdvancedLocomotionV4/CharacterAssets/MannequinSkeleton/AnimationExamples/Base/TurnInPlace/ALS_N_TurnIP_L180.uasset" 631
"../../../../WindStorm/Content/AdvancedLocomotionV4/CharacterAssets/MannequinSkeleton/AnimationExamples/Base/TurnInPlace/ALS_N_TurnIP_L90.uasset" 632
"../../../../WindStorm/Content/AdvancedLocomotionV4/CharacterAssets/MannequinSkeleton/AnimationExamples/Base/TurnInPlace/ALS_N_TurnIP_R180.uasset" 633
"../../../../WindStorm/Content/AdvancedLocomotionV4/CharacterAssets/MannequinSkeleton/AnimationExamples/Base/TurnInPlace/ALS_N_TurnIP_R90.uasset" 634
"../../../../WindStorm/Content/AdvancedLocomotionV4/CharacterAssets/MannequinSkeleton/AnimationExamples/Overlay/Barrel/ALS_Props_Barrel_Poses.uasset" 635
"../../../../WindStorm/Content/AdvancedLocomotionV4/CharacterAssets/MannequinSkeleton/AnimationExamples/Overlay/Binoculars/ALS_Props_Binoculars_Poses_NoCurves.uasset" 636
"../../../../WindStorm/Content/AdvancedLocomotionV4/CharacterAssets/MannequinSkeleton/AnimationExamples/Overlay/Binoculars/ALS_Props_Binoculars_Aim_Sweep.uasset" 637
"../../../../WindStorm/Content/AdvancedLocomotionV4/CharacterAssets/MannequinSkeleton/AnimationExamples/Overlay/Binoculars/ALS_Props_Binoculars_Aim_Sweep_Crouched.uasset" 638
"../../../../WindStorm/Content/AdvancedLocomotionV4/CharacterAssets/MannequinSkeleton/AnimationExamples/Overlay/Binoculars/ALS_Props_Binoculars_Poses.uasset" 639
"../../../../WindStorm/Content/AdvancedLocomotionV4/CharacterAssets/MannequinSkeleton/AnimationExamples/Overlay/Bow/ALS_Props_Bow_Poses_NoCurves.uasset" 640
"../../../../WindStorm/Content/AdvancedLocomotionV4/CharacterAssets/MannequinSkeleton/AnimationExamples/Overlay/Bow/ALS_Props_Bow_Aim_Sweep.uasset" 641
"../../../../WindStorm/Content/AdvancedLocomotionV4/CharacterAssets/MannequinSkeleton/AnimationExamples/Overlay/Bow/ALS_Props_Bow_Aim_Sweep_Crouched.uasset" 642
"../../../../WindStorm/Content/AdvancedLocomotionV4/CharacterAssets/MannequinSkeleton/AnimationExamples/Overlay/Bow/ALS_Props_Bow_Poses.uasset" 643
"../../../../WindStorm/Content/AdvancedLocomotionV4/CharacterAssets/MannequinSkeleton/AnimationExamples/Overlay/Box/ALS_Props_Box_Poses.uasset" 644
"../../../../WindStorm/Content/AdvancedLocomotionV4/CharacterAssets/MannequinSkeleton/AnimationExamples/Overlay/M4A1/ALS_Props_M4A1_Poses_NoCurves.uasset" 645
"../../../../WindStorm/Content/AdvancedLocomotionV4/CharacterAssets/MannequinSkeleton/AnimationExamples/Overlay/M4A1/ALS_Props_M4A1_Aim_Sweep.uasset" 646
"../../../../WindStorm/Content/AdvancedLocomotionV4/CharacterAssets/MannequinSkeleton/AnimationExamples/Overlay/M4A1/ALS_Props_M4A1_Aim_Sweep_Crouched.uasset" 647
"../../../../WindStorm/Content/AdvancedLocomotionV4/CharacterAssets/MannequinSkeleton/AnimationExamples/Overlay/M4A1/ALS_Props_M4A1_Poses.uasset" 648
"../../../../WindStorm/Content/AdvancedLocomotionV4/CharacterAssets/MannequinSkeleton/AnimationExamples/Overlay/M4A1/ALS_Props_M4A1_Sprint_F_Arms.uasset" 649
"../../../../WindStorm/Content/AdvancedLocomotionV4/CharacterAssets/MannequinSkeleton/AnimationExamples/Overlay/M4A1/ALS_Props_M4A1_Sprint_F_Impulse_Arms.uasset" 650
"../../../../WindStorm/Content/AdvancedLocomotionV4/CharacterAssets/MannequinSkeleton/AnimationExamples/Overlay/Pistol/ALS_Props_Pistol_1H_Poses_NoCurves.uasset" 651
"../../../../WindStorm/Content/AdvancedLocomotionV4/CharacterAssets/MannequinSkeleton/AnimationExamples/Overlay/Pistol/ALS_Props_Pistol_1H_Aim_Sweep.uasset" 652
"../../../../WindStorm/Content/AdvancedLocomotionV4/CharacterAssets/MannequinSkeleton/AnimationExamples/Overlay/Pistol/ALS_Props_Pistol_1H_Aim_Sweep_Crouched.uasset" 653
"../../../../WindStorm/Content/AdvancedLocomotionV4/CharacterAssets/MannequinSkeleton/AnimationExamples/Overlay/Pistol/ALS_Props_Pistol_1H_Poses.uasset" 654
"../../../../WindStorm/Content/AdvancedLocomotionV4/CharacterAssets/MannequinSkeleton/AnimationExamples/Overlay/Pistol/ALS_Props_Pistol_2H_Poses_NoCurves.uasset" 655
"../../../../WindStorm/Content/AdvancedLocomotionV4/CharacterAssets/MannequinSkeleton/AnimationExamples/Overlay/Pistol/ALS_Props_Pistol_2H_Aim_Sweep.uasset" 656
"../../../../WindStorm/Content/AdvancedLocomotionV4/CharacterAssets/MannequinSkeleton/AnimationExamples/Overlay/Pistol/ALS_Props_Pistol_2H_Aim_Sweep_Crouched.uasset" 657
"../../../../WindStorm/Content/AdvancedLocomotionV4/CharacterAssets/MannequinSkeleton/AnimationExamples/Overlay/Pistol/ALS_Props_Pistol_2H_Poses.uasset" 658
"../../../../WindStorm/Content/AdvancedLocomotionV4/CharacterAssets/MannequinSkeleton/AnimationExamples/Overlay/Shared/ALS_N_SecondaryMotion.uasset" 659
"../../../../WindStorm/Content/AdvancedLocomotionV4/CharacterAssets/MannequinSkeleton/AnimationExamples/Overlay/StanceVariations/ALS_StanceVariation_Feminine.uasset" 660
"../../../../WindStorm/Content/AdvancedLocomotionV4/CharacterAssets/MannequinSkeleton/AnimationExamples/Overlay/StanceVariations/ALS_StanceVariation_HandsTied.uasset" 661
"../../../../WindStorm/Content/AdvancedLocomotionV4/CharacterAssets/MannequinSkeleton/AnimationExamples/Overlay/StanceVariations/ALS_StanceVariation_Injured.uasset" 662
"../../../../WindStorm/Content/AdvancedLocomotionV4/CharacterAssets/MannequinSkeleton/AnimationExamples/Overlay/StanceVariations/ALS_StanceVariation_Masculine.uasset" 663
"../../../../WindStorm/Content/AdvancedLocomotionV4/CharacterAssets/MannequinSkeleton/AnimationExamples/Overlay/StanceVariations/ALS_StanceVariation_Normal.uasset" 664
"../../../../WindStorm/Content/AdvancedLocomotionV4/CharacterAssets/MannequinSkeleton/AnimationExamples/Overlay/Torch/ALS_Props_Torch_Poses_NoCurves.uasset" 665
"../../../../WindStorm/Content/AdvancedLocomotionV4/CharacterAssets/MannequinSkeleton/AnimationExamples/Overlay/Torch/ALS_Props_Torch_Aim_Sweep.uasset" 666
"../../../../WindStorm/Content/AdvancedLocomotionV4/CharacterAssets/MannequinSkeleton/AnimationExamples/Overlay/Torch/ALS_Props_Torch_Aim_Sweep_Crouched.uasset" 667
"../../../../WindStorm/Content/AdvancedLocomotionV4/CharacterAssets/MannequinSkeleton/AnimationExamples/Overlay/Torch/ALS_Props_Torch_Poses.uasset" 668
"../../../../WindStorm/Content/AdvancedLocomotionV4/CharacterAssets/MannequinSkeleton/AnimationExamples/Base/InAir/Detail/ALS_N_Falling_LeanPose_0.uasset" 669
"../../../../WindStorm/Content/AdvancedLocomotionV4/CharacterAssets/MannequinSkeleton/AnimationExamples/Base/InAir/Detail/ALS_N_Falling_LeanPose_B.uasset" 670
"../../../../WindStorm/Content/AdvancedLocomotionV4/CharacterAssets/MannequinSkeleton/AnimationExamples/Base/InAir/Detail/ALS_N_Falling_LeanPose_F.uasset" 671
"../../../../WindStorm/Content/AdvancedLocomotionV4/CharacterAssets/MannequinSkeleton/AnimationExamples/Base/InAir/Detail/ALS_N_Falling_LeanPose_L.uasset" 672
"../../../../WindStorm/Content/AdvancedLocomotionV4/CharacterAssets/MannequinSkeleton/AnimationExamples/Base/InAir/Detail/ALS_N_Falling_LeanPose_R.uasset" 673
"../../../../WindStorm/Content/AdvancedLocomotionV4/CharacterAssets/MannequinSkeleton/AnimationExamples/Base/InAir/Detail/ALS_N_Lean_Falling.uasset" 674
"../../../../WindStorm/Content/AdvancedLocomotionV4/CharacterAssets/MannequinSkeleton/AnimationExamples/Base/Locomotion/ALS_N_Run_B.uasset" 675
"../../../../WindStorm/Content/AdvancedLocomotionV4/CharacterAssets/MannequinSkeleton/AnimationExamples/Base/Locomotion/ALS_N_RunPose_F.uasset" 676
"../../../../WindStorm/Content/AdvancedLocomotionV4/CharacterAssets/MannequinSkeleton/AnimationExamples/Base/Locomotion/ALS_N_WalkPose_F.uasset" 677
"../../../../WindStorm/Content/AdvancedLocomotionV4/CharacterAssets/MannequinSkeleton/AnimationExamples/Base/Locomotion/ALS_N_WalkRun_B.uasset" 678
"../../../../WindStorm/Content/AdvancedLocomotionV4/CharacterAssets/MannequinSkeleton/AnimationExamples/Base/Locomotion/ALS_N_Run_LB.uasset" 679
"../../../../WindStorm/Content/AdvancedLocomotionV4/CharacterAssets/MannequinSkeleton/AnimationExamples/Base/Locomotion/ALS_N_RunPose_R.uasset" 680
"../../../../WindStorm/Content/AdvancedLocomotionV4/CharacterAssets/MannequinSkeleton/AnimationExamples/Base/Locomotion/ALS_N_WalkPose_R.uasset" 681
"../../../../WindStorm/Content/AdvancedLocomotionV4/CharacterAssets/MannequinSkeleton/AnimationExamples/Base/Locomotion/ALS_N_WalkRun_BL.uasset" 682
"../../../../WindStorm/Content/AdvancedLocomotionV4/CharacterAssets/MannequinSkeleton/AnimationExamples/Base/Locomotion/ALS_N_Run_RB.uasset" 683
"../../../../WindStorm/Content/AdvancedLocomotionV4/CharacterAssets/MannequinSkeleton/AnimationExamples/Base/Locomotion/ALS_N_RunPose_L.uasset" 684
"../../../../WindStorm/Content/AdvancedLocomotionV4/CharacterAssets/MannequinSkeleton/AnimationExamples/Base/Locomotion/ALS_N_WalkPose_L.uasset" 685
"../../../../WindStorm/Content/AdvancedLocomotionV4/CharacterAssets/MannequinSkeleton/AnimationExamples/Base/Locomotion/ALS_N_WalkRun_BR.uasset" 686
"../../../../WindStorm/Content/AdvancedLocomotionV4/CharacterAssets/MannequinSkeleton/AnimationExamples/Base/Locomotion/ALS_N_Run_F.uasset" 687
"../../../../WindStorm/Content/AdvancedLocomotionV4/CharacterAssets/MannequinSkeleton/AnimationExamples/Base/Locomotion/ALS_N_WalkRun_F.uasset" 688
"../../../../WindStorm/Content/AdvancedLocomotionV4/CharacterAssets/MannequinSkeleton/AnimationExamples/Base/Locomotion/ALS_N_Run_LF.uasset" 689
"../../../../WindStorm/Content/AdvancedLocomotionV4/CharacterAssets/MannequinSkeleton/AnimationExamples/Base/Locomotion/ALS_N_WalkRun_FL.uasset" 690
"../../../../WindStorm/Content/AdvancedLocomotionV4/CharacterAssets/MannequinSkeleton/AnimationExamples/Base/Locomotion/ALS_N_Run_RF.uasset" 691
"../../../../WindStorm/Content/AdvancedLocomotionV4/CharacterAssets/MannequinSkeleton/AnimationExamples/Base/Locomotion/ALS_N_WalkRun_FR.uasset" 692
"../../../../WindStorm/Content/AdvancedLocomotionV4/CharacterAssets/MannequinSkeleton/AnimationExamples/Base/Locomotion/Detail/ALS_N_LeanPose_0.uasset" 693
"../../../../WindStorm/Content/AdvancedLocomotionV4/CharacterAssets/MannequinSkeleton/AnimationExamples/Base/Locomotion/Detail/ALS_N_LeanPose_B.uasset" 694
"../../../../WindStorm/Content/AdvancedLocomotionV4/CharacterAssets/MannequinSkeleton/AnimationExamples/Base/Locomotion/Detail/ALS_N_LeanPose_F.uasset" 695
"../../../../WindStorm/Content/AdvancedLocomotionV4/CharacterAssets/MannequinSkeleton/AnimationExamples/Base/Locomotion/Detail/ALS_N_LeanPose_L.uasset" 696
"../../../../WindStorm/Content/AdvancedLocomotionV4/CharacterAssets/MannequinSkeleton/AnimationExamples/Base/Locomotion/Detail/ALS_N_LeanPose_R.uasset" 697
"../../../../WindStorm/Content/AdvancedLocomotionV4/CharacterAssets/MannequinSkeleton/AnimationExamples/Base/Locomotion/Detail/ALS_N_Lean.uasset" 698
"../../../../WindStorm/Content/AdvancedLocomotionV4/CharacterAssets/MannequinSkeleton/AnimationExamples/AimOffsets/ALS_N_Look_D_Sweep.uasset" 699
"../../../../WindStorm/Content/AdvancedLocomotionV4/CharacterAssets/MannequinSkeleton/AnimationExamples/AimOffsets/ALS_N_Look_U_Sweep.uasset" 700
"../../../../WindStorm/Content/AdvancedLocomotionV4/CharacterAssets/MannequinSkeleton/AnimationExamples/AimOffsets/ALS_N_Look.uasset" 701
"../../../../WindStorm/Content/AdvancedLocomotionV4/CharacterAssets/MannequinSkeleton/ALS_AnimBP.uasset" 702
"../../../../WindStorm/Content/AdvancedLocomotionV4/CharacterAssets/MannequinSkeleton/AnimationExamples/Actions/ALS_CLF_GetUp_Back_Montage_2H.uasset" 703
"../../../../WindStorm/Content/AdvancedLocomotionV4/CharacterAssets/MannequinSkeleton/AnimationExamples/Actions/ALS_CLF_GetUp_Back_Montage_Default.uasset" 704
"../../../../WindStorm/Content/AdvancedLocomotionV4/CharacterAssets/MannequinSkeleton/AnimationExamples/Actions/ALS_CLF_GetUp_Back_Montage_LH.uasset" 705
"../../../../WindStorm/Content/AdvancedLocomotionV4/CharacterAssets/MannequinSkeleton/AnimationExamples/Actions/ALS_CLF_GetUp_Back_Montage_RH.uasset" 706
"../../../../WindStorm/Content/AdvancedLocomotionV4/CharacterAssets/MannequinSkeleton/AnimationExamples/Actions/ALS_CLF_GetUp_Front_Montage_2H.uasset" 707
"../../../../WindStorm/Content/AdvancedLocomotionV4/CharacterAssets/MannequinSkeleton/AnimationExamples/Actions/ALS_CLF_GetUp_Front_Montage_Default.uasset" 708
"../../../../WindStorm/Content/AdvancedLocomotionV4/CharacterAssets/MannequinSkeleton/AnimationExamples/Actions/ALS_CLF_GetUp_Front_Montage_LH.uasset" 709
"../../../../WindStorm/Content/AdvancedLocomotionV4/CharacterAssets/MannequinSkeleton/AnimationExamples/Actions/ALS_CLF_GetUp_Front_Montage_RH.uasset" 710
"../../../../WindStorm/Content/AdvancedLocomotionV4/CharacterAssets/MannequinSkeleton/AnimationExamples/Actions/ALS_N_LandRoll_F_Montage_2H.uasset" 711
"../../../../WindStorm/Content/AdvancedLocomotionV4/CharacterAssets/MannequinSkeleton/AnimationExamples/Actions/ALS_N_LandRoll_F_Montage_Default.uasset" 712
"../../../../WindStorm/Content/AdvancedLocomotionV4/CharacterAssets/MannequinSkeleton/AnimationExamples/Actions/ALS_N_LandRoll_F_Montage_LH.uasset" 713
"../../../../WindStorm/Content/AdvancedLocomotionV4/CharacterAssets/MannequinSkeleton/AnimationExamples/Actions/ALS_N_LandRoll_F_Montage_RH.uasset" 714
"../../../../WindStorm/Content/AdvancedLocomotionV4/CharacterAssets/MannequinSkeleton/AnimationExamples/Actions/ALS_N_Mantle_1m_Montage_2H.uasset" 715
"../../../../WindStorm/Content/AdvancedLocomotionV4/CharacterAssets/MannequinSkeleton/AnimationExamples/Actions/ALS_N_Mantle_1m_Montage_Box.uasset" 716
"../../../../WindStorm/Content/AdvancedLocomotionV4/CharacterAssets/MannequinSkeleton/AnimationExamples/Actions/ALS_N_Mantle_1m_Montage_Default.uasset" 717
"../../../../WindStorm/Content/AdvancedLocomotionV4/CharacterAssets/MannequinSkeleton/AnimationExamples/Actions/ALS_N_Mantle_1m_Montage_LH.uasset" 718
"../../../../WindStorm/Content/AdvancedLocomotionV4/CharacterAssets/MannequinSkeleton/AnimationExamples/Actions/ALS_N_Mantle_1m_Montage_RH.uasset" 719
"../../../../WindStorm/Content/AdvancedLocomotionV4/CharacterAssets/MannequinSkeleton/AnimationExamples/Actions/ALS_N_Mantle_2m_Montage_Default.uasset" 720
"../../../../WindStorm/Content/AdvancedLocomotionV4/CharacterAssets/MannequinSkeleton/PhysicsAssets/AnimMan_PhysicsAsset.uasset" 721
"../../../../WindStorm/Content/AdvancedLocomotionV4/CharacterAssets/MannequinSkeleton/Meshes/AnimMan.uasset" 722
"../../../../WindStorm/Content/AdvancedLocomotionV4/CharacterAssets/MannequinSkeleton/Materials/Textures/UE4_Mannequin__normals.uasset" 723
"../../../../WindStorm/Content/AdvancedLocomotionV4/CharacterAssets/MannequinSkeleton/Materials/Textures/UE4_Mannequin_MAT_MASKA.uasset" 724
"../../../../WindStorm/Content/AdvancedLocomotionV4/CharacterAssets/MannequinSkeleton/Materials/M_Mannequin_Body.uasset" 725
"../../../../WindStorm/Content/AdvancedLocomotionV4/CharacterAssets/MannequinSkeleton/Materials/Textures/UE4_LOGO_CARD.uasset" 726
"../../../../WindStorm/Content/AdvancedLocomotionV4/CharacterAssets/MannequinSkeleton/Materials/Textures/UE4Man_Logo_N.uasset" 727
"../../../../WindStorm/Content/AdvancedLocomotionV4/CharacterAssets/MannequinSkeleton/Materials/M_Mannequin_Logo.uasset" 728
"../../../../WindStorm/Content/AdvancedLocomotionV4/CharacterAssets/MannequinSkeleton/PhysicsAssets/Mannequin_PhysicsAsset.uasset" 729
"../../../../WindStorm/Content/AdvancedLocomotionV4/CharacterAssets/MannequinSkeleton/Meshes/Mannequin.uasset" 730
"../../../../WindStorm/Content/AdvancedLocomotionV4/Blueprints/CharacterLogic/ALS_AnimMan_CharacterBP.uasset" 731
"../../../../WindStorm/Content/Scanner/Radius.uasset" 732
"../../../../WindStorm/Content/Scanner/03956__online-audio-converter_com_.uasset" 733
"../../../../WindStorm/Content/Scanner/SoundPoint.uasset" 734
"../../../../WindStorm/Content/Caracters/material/Char_Mat_01_Inst_01.uasset" 735
"../../../../WindStorm/Content/CC3_Char/testcc3__1_.uasset" 736
"../../../../WindStorm/Content/MainPauseMenus/UI/PauseMenu.uasset" 737
"../../../../WindStorm/Content/AdvancedLocomotionV4/Blueprints/CharacterLogic/CC3_AnimMan_CharacterBP.uasset" 738
"../../../../WindStorm/Content/CustomMovement/Materials/M_CustomMoveZone.uasset" 739
"../../../../WindStorm/Content/CustomMovement/Meshes/SM_Cube.uasset" 740
"../../../../WindStorm/Content/CustomMovement/Blueprints/Zone/BP_Zone_Ladder.uasset" 741
"../../../Engine/Content/EngineSky/C_Sky_Cloud_Color.uasset" 742
"../../../Engine/Content/EngineSky/C_Sky_Horizon_Color.uasset" 743
"../../../Engine/Content/EngineSky/C_Sky_Zenith_Color.uasset" 744
"../../../Engine/Content/EngineSky/T_Sky_Blue.uasset" 745
"../../../Engine/Content/EngineSky/T_Sky_Clouds_M.uasset" 746
"../../../Engine/Content/EngineSky/T_Sky_Stars.uasset" 747
"../../../Engine/Content/EngineSky/M_Sky_Panning_Clouds2.uasset" 748
"../../../Engine/Content/EngineSky/SM_SkySphere.uasset" 749
"../../../Engine/Content/EngineSky/BP_Sky_Sphere.uasset" 750
"../../../../WindStorm/Content/AdvancedLocomotionV4/Blueprints/GameModes/ALS_GameMode_SP.uasset" 751
"../../../../WindStorm/Content/AdvancedLocomotionV4/Environment/Materials/Textures/T_Tiles_M.uasset" 752
"../../../../WindStorm/Content/AdvancedLocomotionV4/Environment/Materials/Textures/T_Tiles_N.uasset" 753
"../../../../WindStorm/Content/AdvancedLocomotionV4/Environment/Materials/M_Tiles.uasset" 754
"../../../../WindStorm/Content/AdvancedLocomotionV4/Environment/Meshes/Simple_Block_1x1.uasset" 755
"../../../../WindStorm/Content/AdvancedLocomotionV4/Environment/Meshes/Simple_Block_3x3.uasset" 756
"../../../../WindStorm/Content/AdvancedLocomotionV4/Environment/SimpleObjectBuilder.uasset" 757
"../../../../WindStorm/Content/AdvancedLocomotionV4/Environment/SmoothObjectMovement.uasset" 758
"../../../../WindStorm/Content/AdvancedLocomotionV4/Environment/SimpleMovingObject.uasset" 759
"../../../../WindStorm/Content/Blueprints/BP_FireActor.uasset" 760
"../../../../WindStorm/Content/AdvancedLocomotionV4/Props/Materials/M_Prop_Torch1.uasset" 761
"../../../../WindStorm/Content/AdvancedLocomotionV4/Props/Materials/M_Prop_Torch2.uasset" 762
"../../../../WindStorm/Content/AdvancedLocomotionV4/Props/Materials/M_Prop_Torch3.uasset" 763
"../../../../WindStorm/Content/AdvancedLocomotionV4/Props/Meshes/Torch.uasset" 764
"../../../../WindStorm/Content/Blueprints/BP_Stick.uasset" 765
"../../../../WindStorm/Content/DangerZone/DangerZone.uasset" 766
"../../../../WindStorm/Content/AdvancedLocomotionV4/Environment/Text/RobotoDistanceField_Outlines.uasset" 767
"../../../../WindStorm/Content/AdvancedLocomotionV4/Levels/ALS_DemoLevel_BuiltData.uasset" 768
"../../../../WindStorm/Content/AdvancedLocomotionV4/Environment/Materials/M_Object.uasset" 769
"../../../../WindStorm/Content/AdvancedLocomotionV4/Environment/Text/M_OutlinedText.uasset" 770
"../../../../WindStorm/Content/11/Projrct_ICE/Blocking/BasicShapeMaterial_Inst.uasset" 771
"../../../../WindStorm/Content/AdvancedLocomotionV4/Environment/Materials/M_Landscape.uasset" 772
"../../../Engine/Content/BasicShapes/Cube.uasset" 773
"../../../Engine/Content/BasicShapes/Cylinder.uasset" 774
"../../../Engine/Content/EngineMaterials/DefaultPhysicalMaterial.uasset" 775
"../../../../WindStorm/Content/AdvancedLocomotionV4/Audio/Background/Starter_Birds01.uasset" 776
"../../../../WindStorm/Content/AdvancedLocomotionV4/Audio/Background/Starter_Wind05.uasset" 777
"../../../../WindStorm/Content/AdvancedLocomotionV4/Audio/Background/Starter_Wind06.uasset" 778
"../../../../WindStorm/Content/AdvancedLocomotionV4/Audio/Background/Starter_Background_Cue.uasset" 779
"../../../../WindStorm/Content/AdvancedLocomotionV4/Environment/Meshes/Complex_Arch_01.uasset" 780
"../../../../WindStorm/Content/AdvancedLocomotionV4/Environment/Meshes/Complex_Arch_02.uasset" 781
"../../../../WindStorm/Content/AdvancedLocomotionV4/Environment/Meshes/Complex_Barrel.uasset" 782
"../../../../WindStorm/Content/AdvancedLocomotionV4/Environment/Meshes/Complex_Barrel_Broken.uasset" 783
"../../../../WindStorm/Content/AdvancedLocomotionV4/Environment/Meshes/Complex_Bench.uasset" 784
"../../../../WindStorm/Content/AdvancedLocomotionV4/Environment/Meshes/Complex_Cart.uasset" 785
"../../../../WindStorm/Content/AdvancedLocomotionV4/Environment/Meshes/Complex_Crate.uasset" 786
"../../../../WindStorm/Content/AdvancedLocomotionV4/Environment/Meshes/Complex_Crate_Broken.uasset" 787
"../../../../WindStorm/Content/AdvancedLocomotionV4/Environment/Meshes/Complex_Fountain_01.uasset" 788
"../../../../WindStorm/Content/AdvancedLocomotionV4/Environment/Meshes/Complex_Rock.uasset" 789
"../../../../WindStorm/Content/AdvancedLocomotionV4/Environment/Meshes/Simple_Block_2x2.uasset" 790
"../../../../WindStorm/Content/AdvancedLocomotionV4/Environment/Meshes/Simple_Floor_20x20.uasset" 791
"../../../../WindStorm/Content/AdvancedLocomotionV4/Environment/Meshes/Simple_InfoWall_3x5.uasset" 792
"../../../../WindStorm/Content/AdvancedLocomotionV4/Environment/Meshes/Simple_Pillar.uasset" 793
"../../../../WindStorm/Content/AdvancedLocomotionV4/Environment/Meshes/Simple_TitleBoard.uasset" 794
"../../../../WindStorm/Content/AdvancedLocomotionV4/Environment/Meshes/Simple_Wall_2x20.uasset" 795
"../../../../WindStorm/Content/AdvancedLocomotionV4/Levels/ALS_DemoLevel.umap" 796
"../../../Engine/Content/Maps/Entry_BuiltData.uasset" 797
"../../../Engine/Content/Maps/Entry.umap" 798
